2026-06-11T12:29:27.632+07:00  INFO 41392 --- [project] [restartedMain] org.example.project.ProjectApplication   : Starting ProjectApplication using Java 21.0.7 with PID 41392 (E:\Web\prj\project\build\classes\java\main started by Trong An in E:\Web\prj\project)
2026-06-11T12:29:27.638+07:00  INFO 41392 --- [project] [restartedMain] org.example.project.ProjectApplication   : No active profile set, falling back to 1 default profile: "default"
2026-06-11T12:29:28.911+07:00  INFO 41392 --- [project] [restartedMain] o.apache.catalina.core.StandardService   : Starting service [Tomcat]
2026-06-11T12:29:28.911+07:00  INFO 41392 --- [project] [restartedMain] o.apache.catalina.core.StandardEngine    : Starting Servlet engine: [Apache Tomcat/11.0.21]
2026-06-11T12:29:29.144+07:00  INFO 41392 --- [project] [restartedMain] org.hibernate.orm.jpa                    : HHH008540: Processing PersistenceUnitInfo [name: default]
2026-06-11T12:29:29.339+07:00  INFO 41392 --- [project] [restartedMain] org.hibernate.orm.core                   : HHH000001: Hibernate ORM core version 7.2.12.Final
2026-06-11T12:29:30.386+07:00  INFO 41392 --- [project] [restartedMain] com.zaxxer.hikari.HikariDataSource       : HikariPool-1 - Starting...
2026-06-11T12:29:30.747+07:00  INFO 41392 --- [project] [restartedMain] com.zaxxer.hikari.pool.HikariPool        : HikariPool-1 - Added connection com.mysql.cj.jdbc.ConnectionImpl@74583480
2026-06-11T12:29:30.752+07:00  INFO 41392 --- [project] [restartedMain] com.zaxxer.hikari.HikariDataSource       : HikariPool-1 - Start completed.
2026-06-11T12:29:30.886+07:00  WARN 41392 --- [project] [restartedMain] org.hibernate.orm.deprecation            : HHH90000025: MySQLDialect does not need to be specified explicitly using 'hibernate.dialect' (remove the property setting and it will be selected by default)
2026-06-11T12:29:30.928+07:00  INFO 41392 --- [project] [restartedMain] org.hibernate.orm.connections.pooling    : HHH10001005: Database info:
	Database JDBC URL [jdbc:mysql://localhost:3306/badminton?createDatabaseIfNotExist=true&useSSL=false&allowPublicKeyRetrieval=true&serverTimezone=UTC]
	Database driver: MySQL Connector/J
	Database dialect: MySQLDialect
	Database version: 9.5
	Default catalog/schema: badminton/undefined
	Autocommit mode: undefined/unknown
	Isolation level: REPEATABLE_READ [default REPEATABLE_READ]
	JDBC fetch size: none
	Pool: DataSourceConnectionProvider
	Minimum pool size: undefined/unknown
	Maximum pool size: undefined/unknown
2026-06-11T12:29:33.278+07:00  INFO 41392 --- [project] [restartedMain] org.hibernate.orm.core                   : HHH000489: No JTA platform available (set 'hibernate.transaction.jta.platform' to enable JTA platform integration)
2026-06-11T12:29:35.516+07:00  WARN 41392 --- [project] [restartedMain] JpaBaseConfiguration$JpaWebConfiguration : spring.jpa.open-in-view is enabled by default. Therefore, database queries may be performed during view rendering. Explicitly configure spring.jpa.open-in-view to disable this warning
2026-06-11T12:29:36.754+07:00  INFO 41392 --- [project] [restartedMain] org.example.project.ProjectApplication   : Started ProjectApplication in 9.572 seconds (process running for 10.553)
2026-06-11T12:29:37.575+07:00  INFO 41392 --- [project] [http-nio-8080-exec-3] o.a.c.c.C.[Tomcat].[localhost].[/]       : Initializing Spring DispatcherServlet 'dispatcherServlet'
2026-06-11T12:29:38.331+07:00  WARN 41392 --- [project] [http-nio-8080-exec-3] .m.m.a.ExceptionHandlerExceptionResolver : Resolved [org.example.project.exception.ValidAlreadyExistsException: Khung giờ đã có người đặt]
2026-06-11T12:29:40.489+07:00  WARN 41392 --- [project] [http-nio-8080-exec-5] .m.m.a.ExceptionHandlerExceptionResolver : Resolved [org.example.project.exception.ValidAlreadyExistsException: Khung giờ đã có người đặt]
2026-06-11T12:29:41.446+07:00  WARN 41392 --- [project] [http-nio-8080-exec-6] .m.m.a.ExceptionHandlerExceptionResolver : Resolved [org.example.project.exception.ValidAlreadyExistsException: Khung giờ đã có người đặt]
2026-06-11T12:29:42.441+07:00  WARN 41392 --- [project] [http-nio-8080-exec-8] .m.m.a.ExceptionHandlerExceptionResolver : Resolved [org.example.project.exception.ValidAlreadyExistsException: Khung giờ đã có người đặt]
2026-06-11T12:29:43.739+07:00  WARN 41392 --- [project] [http-nio-8080-exec-10] .m.m.a.ExceptionHandlerExceptionResolver : Resolved [org.example.project.exception.ValidAlreadyExistsException: Khung giờ đã có người đặt]
2026-06-11T12:29:52.341+07:00  WARN 41392 --- [project] [http-nio-8080-exec-3] .m.m.a.ExceptionHandlerExceptionResolver : Resolved [org.example.project.exception.ValidAlreadyExistsException: Khung giờ đã có người đặt]
2026-06-11T12:29:53.335+07:00  WARN 41392 --- [project] [http-nio-8080-exec-5] .m.m.a.ExceptionHandlerExceptionResolver : Resolved [org.example.project.exception.ValidAlreadyExistsException: Khung giờ đã có người đặt]
2026-06-11T12:29:54.156+07:00  WARN 41392 --- [project] [http-nio-8080-exec-6] .m.m.a.ExceptionHandlerExceptionResolver : Resolved [org.example.project.exception.ValidAlreadyExistsException: Khung giờ đã có người đặt]
2026-06-11T12:29:54.965+07:00  WARN 41392 --- [project] [http-nio-8080-exec-8] .m.m.a.ExceptionHandlerExceptionResolver : Resolved [org.example.project.exception.ValidAlreadyExistsException: Khung giờ đã có người đặt]
2026-06-11T12:29:55.761+07:00  WARN 41392 --- [project] [http-nio-8080-exec-10] .m.m.a.ExceptionHandlerExceptionResolver : Resolved [org.example.project.exception.ValidAlreadyExistsException: Khung giờ đã có người đặt]
2026-06-11T12:29:56.550+07:00  WARN 41392 --- [project] [http-nio-8080-exec-3] .m.m.a.ExceptionHandlerExceptionResolver : Resolved [org.example.project.exception.ValidAlreadyExistsException: Khung giờ đã có người đặt]
2026-06-11T12:29:57.684+07:00  WARN 41392 --- [project] [http-nio-8080-exec-5] .m.m.a.ExceptionHandlerExceptionResolver : Resolved [org.example.project.exception.ValidAlreadyExistsException: Khung giờ đã có người đặt]
2026-06-11T12:31:27.494+07:00  INFO 41392 --- [project] [Thread-1] com.zaxxer.hikari.HikariDataSource       : HikariPool-1 - Shutdown initiated...
2026-06-11T12:31:27.510+07:00  INFO 41392 --- [project] [Thread-1] com.zaxxer.hikari.HikariDataSource       : HikariPool-1 - Shutdown completed.
2026-06-11T12:31:27.631+07:00  INFO 41392 --- [project] [restartedMain] org.example.project.ProjectApplication   : Starting ProjectApplication using Java 21.0.7 with PID 41392 (E:\Web\prj\project\build\classes\java\main started by Trong An in E:\Web\prj\project)
2026-06-11T12:31:27.631+07:00  INFO 41392 --- [project] [restartedMain] org.example.project.ProjectApplication   : No active profile set, falling back to 1 default profile: "default"
2026-06-11T12:31:28.143+07:00  INFO 41392 --- [project] [restartedMain] o.apache.catalina.core.StandardService   : Starting service [Tomcat]
2026-06-11T12:31:28.143+07:00  INFO 41392 --- [project] [restartedMain] o.apache.catalina.core.StandardEngine    : Starting Servlet engine: [Apache Tomcat/11.0.21]
2026-06-11T12:31:28.264+07:00  INFO 41392 --- [project] [restartedMain] org.hibernate.orm.jpa                    : HHH008540: Processing PersistenceUnitInfo [name: default]
2026-06-11T12:31:28.320+07:00  INFO 41392 --- [project] [restartedMain] com.zaxxer.hikari.HikariDataSource       : HikariPool-2 - Starting...
2026-06-11T12:31:28.330+07:00  INFO 41392 --- [project] [restartedMain] com.zaxxer.hikari.pool.HikariPool        : HikariPool-2 - Added connection com.mysql.cj.jdbc.ConnectionImpl@47f1d85f
2026-06-11T12:31:28.330+07:00  INFO 41392 --- [project] [restartedMain] com.zaxxer.hikari.HikariDataSource       : HikariPool-2 - Start completed.
2026-06-11T12:31:28.332+07:00  WARN 41392 --- [project] [restartedMain] org.hibernate.orm.deprecation            : HHH90000025: MySQLDialect does not need to be specified explicitly using 'hibernate.dialect' (remove the property setting and it will be selected by default)
2026-06-11T12:31:28.333+07:00  INFO 41392 --- [project] [restartedMain] org.hibernate.orm.connections.pooling    : HHH10001005: Database info:
	Database JDBC URL [jdbc:mysql://localhost:3306/badminton?createDatabaseIfNotExist=true&useSSL=false&allowPublicKeyRetrieval=true&serverTimezone=UTC]
	Database driver: MySQL Connector/J
	Database dialect: MySQLDialect
	Database version: 9.5
	Default catalog/schema: badminton/undefined
	Autocommit mode: undefined/unknown
	Isolation level: REPEATABLE_READ [default REPEATABLE_READ]
	JDBC fetch size: none
	Pool: DataSourceConnectionProvider
	Minimum pool size: undefined/unknown
	Maximum pool size: undefined/unknown
2026-06-11T12:31:28.516+07:00  INFO 41392 --- [project] [restartedMain] org.hibernate.orm.core                   : HHH000489: No JTA platform available (set 'hibernate.transaction.jta.platform' to enable JTA platform integration)
2026-06-11T12:31:28.581+07:00  WARN 41392 --- [project] [restartedMain] ConfigServletWebServerApplicationContext : Exception encountered during context initialization - cancelling refresh attempt: org.springframework.beans.factory.UnsatisfiedDependencyException: Error creating bean with name 'adminController' defined in file [E:\Web\prj\project\build\classes\java\main\org\example\project\controller\AdminController.class]: Unsatisfied dependency expressed through constructor parameter 0: Error creating bean with name 'IUserServiceImpl' defined in file [E:\Web\prj\project\build\classes\java\main\org\example\project\service\impl\IUserServiceImpl.class]: Unsatisfied dependency expressed through constructor parameter 0: No qualifying bean of type 'org.springframework.security.crypto.bcrypt.BCryptPasswordEncoder' available: expected at least 1 bean which qualifies as autowire candidate. Dependency annotations: {}
2026-06-11T12:31:28.582+07:00  INFO 41392 --- [project] [restartedMain] com.zaxxer.hikari.HikariDataSource       : HikariPool-2 - Shutdown initiated...
2026-06-11T12:31:28.586+07:00  INFO 41392 --- [project] [restartedMain] com.zaxxer.hikari.HikariDataSource       : HikariPool-2 - Shutdown completed.
2026-06-11T12:31:28.587+07:00  INFO 41392 --- [project] [restartedMain] o.apache.catalina.core.StandardService   : Stopping service [Tomcat]
2026-06-11T12:31:28.620+07:00 ERROR 41392 --- [project] [restartedMain] o.s.b.d.LoggingFailureAnalysisReporter   : 

***************************
APPLICATION FAILED TO START
***************************

Description:

Parameter 0 of constructor in org.example.project.service.impl.IUserServiceImpl required a bean of type 'org.springframework.security.crypto.bcrypt.BCryptPasswordEncoder' that could not be found.


Action:

Consider defining a bean of type 'org.springframework.security.crypto.bcrypt.BCryptPasswordEncoder' in your configuration.

2026-06-11T12:31:30.133+07:00  INFO 41392 --- [project] [restartedMain] org.example.project.ProjectApplication   : Starting ProjectApplication using Java 21.0.7 with PID 41392 (E:\Web\prj\project\build\classes\java\main started by Trong An in E:\Web\prj\project)
2026-06-11T12:31:30.135+07:00  INFO 41392 --- [project] [restartedMain] org.example.project.ProjectApplication   : No active profile set, falling back to 1 default profile: "default"
2026-06-11T12:31:30.828+07:00  INFO 41392 --- [project] [restartedMain] o.apache.catalina.core.StandardService   : Starting service [Tomcat]
2026-06-11T12:31:30.828+07:00  INFO 41392 --- [project] [restartedMain] o.apache.catalina.core.StandardEngine    : Starting Servlet engine: [Apache Tomcat/11.0.21]
2026-06-11T12:31:30.985+07:00  INFO 41392 --- [project] [restartedMain] org.hibernate.orm.jpa                    : HHH008540: Processing PersistenceUnitInfo [name: default]
2026-06-11T12:31:31.194+07:00  INFO 41392 --- [project] [restartedMain] com.zaxxer.hikari.HikariDataSource       : HikariPool-3 - Starting...
2026-06-11T12:31:31.251+07:00  INFO 41392 --- [project] [restartedMain] com.zaxxer.hikari.pool.HikariPool        : HikariPool-3 - Added connection com.mysql.cj.jdbc.ConnectionImpl@671bf93f
2026-06-11T12:31:31.252+07:00  INFO 41392 --- [project] [restartedMain] com.zaxxer.hikari.HikariDataSource       : HikariPool-3 - Start completed.
2026-06-11T12:31:31.254+07:00  WARN 41392 --- [project] [restartedMain] org.hibernate.orm.deprecation            : HHH90000025: MySQLDialect does not need to be specified explicitly using 'hibernate.dialect' (remove the property setting and it will be selected by default)
2026-06-11T12:31:31.255+07:00  INFO 41392 --- [project] [restartedMain] org.hibernate.orm.connections.pooling    : HHH10001005: Database info:
	Database JDBC URL [jdbc:mysql://localhost:3306/badminton?createDatabaseIfNotExist=true&useSSL=false&allowPublicKeyRetrieval=true&serverTimezone=UTC]
	Database driver: MySQL Connector/J
	Database dialect: MySQLDialect
	Database version: 9.5
	Default catalog/schema: badminton/undefined
	Autocommit mode: undefined/unknown
	Isolation level: REPEATABLE_READ [default REPEATABLE_READ]
	JDBC fetch size: none
	Pool: DataSourceConnectionProvider
	Minimum pool size: undefined/unknown
	Maximum pool size: undefined/unknown
2026-06-11T12:31:31.447+07:00  INFO 41392 --- [project] [restartedMain] org.hibernate.orm.core                   : HHH000489: No JTA platform available (set 'hibernate.transaction.jta.platform' to enable JTA platform integration)
2026-06-11T12:31:31.814+07:00  WARN 41392 --- [project] [restartedMain] JpaBaseConfiguration$JpaWebConfiguration : spring.jpa.open-in-view is enabled by default. Therefore, database queries may be performed during view rendering. Explicitly configure spring.jpa.open-in-view to disable this warning
2026-06-11T12:31:32.355+07:00  INFO 41392 --- [project] [restartedMain] org.example.project.ProjectApplication   : Started ProjectApplication in 2.277 seconds (process running for 126.153)
2026-06-11T12:31:58.288+07:00  INFO 41392 --- [project] [Thread-5] com.zaxxer.hikari.HikariDataSource       : HikariPool-3 - Shutdown initiated...
2026-06-11T12:31:58.292+07:00  INFO 41392 --- [project] [Thread-5] com.zaxxer.hikari.HikariDataSource       : HikariPool-3 - Shutdown completed.
2026-06-11T12:31:58.436+07:00  INFO 41392 --- [project] [restartedMain] org.example.project.ProjectApplication   : Starting ProjectApplication using Java 21.0.7 with PID 41392 (E:\Web\prj\project\build\classes\java\main started by Trong An in E:\Web\prj\project)
2026-06-11T12:31:58.437+07:00  INFO 41392 --- [project] [restartedMain] org.example.project.ProjectApplication   : No active profile set, falling back to 1 default profile: "default"
2026-06-11T12:31:58.932+07:00  INFO 41392 --- [project] [restartedMain] o.apache.catalina.core.StandardService   : Starting service [Tomcat]
2026-06-11T12:31:58.933+07:00  INFO 41392 --- [project] [restartedMain] o.apache.catalina.core.StandardEngine    : Starting Servlet engine: [Apache Tomcat/11.0.21]
2026-06-11T12:31:59.051+07:00  INFO 41392 --- [project] [restartedMain] org.hibernate.orm.jpa                    : HHH008540: Processing PersistenceUnitInfo [name: default]
2026-06-11T12:31:59.097+07:00  INFO 41392 --- [project] [restartedMain] com.zaxxer.hikari.HikariDataSource       : HikariPool-4 - Starting...
2026-06-11T12:31:59.104+07:00  INFO 41392 --- [project] [restartedMain] com.zaxxer.hikari.pool.HikariPool        : HikariPool-4 - Added connection com.mysql.cj.jdbc.ConnectionImpl@61310fdc
2026-06-11T12:31:59.104+07:00  INFO 41392 --- [project] [restartedMain] com.zaxxer.hikari.HikariDataSource       : HikariPool-4 - Start completed.
2026-06-11T12:31:59.106+07:00  WARN 41392 --- [project] [restartedMain] org.hibernate.orm.deprecation            : HHH90000025: MySQLDialect does not need to be specified explicitly using 'hibernate.dialect' (remove the property setting and it will be selected by default)
2026-06-11T12:31:59.108+07:00  INFO 41392 --- [project] [restartedMain] org.hibernate.orm.connections.pooling    : HHH10001005: Database info:
	Database JDBC URL [jdbc:mysql://localhost:3306/badminton?createDatabaseIfNotExist=true&useSSL=false&allowPublicKeyRetrieval=true&serverTimezone=UTC]
	Database driver: MySQL Connector/J
	Database dialect: MySQLDialect
	Database version: 9.5
	Default catalog/schema: badminton/undefined
	Autocommit mode: undefined/unknown
	Isolation level: REPEATABLE_READ [default REPEATABLE_READ]
	JDBC fetch size: none
	Pool: DataSourceConnectionProvider
	Minimum pool size: undefined/unknown
	Maximum pool size: undefined/unknown
2026-06-11T12:31:59.250+07:00  INFO 41392 --- [project] [restartedMain] org.hibernate.orm.core                   : HHH000489: No JTA platform available (set 'hibernate.transaction.jta.platform' to enable JTA platform integration)
2026-06-11T12:31:59.308+07:00  WARN 41392 --- [project] [restartedMain] ConfigServletWebServerApplicationContext : Exception encountered during context initialization - cancelling refresh attempt: org.springframework.beans.factory.UnsatisfiedDependencyException: Error creating bean with name 'adminController' defined in file [E:\Web\prj\project\build\classes\java\main\org\example\project\controller\AdminController.class]: Unsatisfied dependency expressed through constructor parameter 0: Error creating bean with name 'IUserServiceImpl' defined in file [E:\Web\prj\project\build\classes\java\main\org\example\project\service\impl\IUserServiceImpl.class]: Unsatisfied dependency expressed through constructor parameter 0: No qualifying bean of type 'org.springframework.security.crypto.bcrypt.BCryptPasswordEncoder' available: expected at least 1 bean which qualifies as autowire candidate. Dependency annotations: {}
2026-06-11T12:31:59.309+07:00  INFO 41392 --- [project] [restartedMain] com.zaxxer.hikari.HikariDataSource       : HikariPool-4 - Shutdown initiated...
2026-06-11T12:31:59.344+07:00  INFO 41392 --- [project] [restartedMain] com.zaxxer.hikari.HikariDataSource       : HikariPool-4 - Shutdown completed.
2026-06-11T12:31:59.345+07:00  INFO 41392 --- [project] [restartedMain] o.apache.catalina.core.StandardService   : Stopping service [Tomcat]
2026-06-11T12:31:59.359+07:00 ERROR 41392 --- [project] [restartedMain] o.s.b.d.LoggingFailureAnalysisReporter   : 

***************************
APPLICATION FAILED TO START
***************************

Description:

Parameter 0 of constructor in org.example.project.service.impl.IUserServiceImpl required a bean of type 'org.springframework.security.crypto.bcrypt.BCryptPasswordEncoder' that could not be found.


Action:

Consider defining a bean of type 'org.springframework.security.crypto.bcrypt.BCryptPasswordEncoder' in your configuration.

2026-06-11T12:32:00.886+07:00  INFO 41392 --- [project] [restartedMain] org.example.project.ProjectApplication   : Starting ProjectApplication using Java 21.0.7 with PID 41392 (E:\Web\prj\project\build\classes\java\main started by Trong An in E:\Web\prj\project)
2026-06-11T12:32:00.886+07:00  INFO 41392 --- [project] [restartedMain] org.example.project.ProjectApplication   : No active profile set, falling back to 1 default profile: "default"
2026-06-11T12:32:01.322+07:00  INFO 41392 --- [project] [restartedMain] o.apache.catalina.core.StandardService   : Starting service [Tomcat]
2026-06-11T12:32:01.323+07:00  INFO 41392 --- [project] [restartedMain] o.apache.catalina.core.StandardEngine    : Starting Servlet engine: [Apache Tomcat/11.0.21]
2026-06-11T12:32:01.397+07:00  INFO 41392 --- [project] [restartedMain] org.hibernate.orm.jpa                    : HHH008540: Processing PersistenceUnitInfo [name: default]
2026-06-11T12:32:01.419+07:00  INFO 41392 --- [project] [restartedMain] com.zaxxer.hikari.HikariDataSource       : HikariPool-5 - Starting...
2026-06-11T12:32:01.423+07:00  INFO 41392 --- [project] [restartedMain] com.zaxxer.hikari.pool.HikariPool        : HikariPool-5 - Added connection com.mysql.cj.jdbc.ConnectionImpl@40a40fd5
2026-06-11T12:32:01.423+07:00  INFO 41392 --- [project] [restartedMain] com.zaxxer.hikari.HikariDataSource       : HikariPool-5 - Start completed.
2026-06-11T12:32:01.425+07:00  WARN 41392 --- [project] [restartedMain] org.hibernate.orm.deprecation            : HHH90000025: MySQLDialect does not need to be specified explicitly using 'hibernate.dialect' (remove the property setting and it will be selected by default)
2026-06-11T12:32:01.426+07:00  INFO 41392 --- [project] [restartedMain] org.hibernate.orm.connections.pooling    : HHH10001005: Database info:
	Database JDBC URL [jdbc:mysql://localhost:3306/badminton?createDatabaseIfNotExist=true&useSSL=false&allowPublicKeyRetrieval=true&serverTimezone=UTC]
	Database driver: MySQL Connector/J
	Database dialect: MySQLDialect
	Database version: 9.5
	Default catalog/schema: badminton/undefined
	Autocommit mode: undefined/unknown
	Isolation level: REPEATABLE_READ [default REPEATABLE_READ]
	JDBC fetch size: none
	Pool: DataSourceConnectionProvider
	Minimum pool size: undefined/unknown
	Maximum pool size: undefined/unknown
2026-06-11T12:32:01.481+07:00  INFO 41392 --- [project] [restartedMain] org.hibernate.orm.core                   : HHH000489: No JTA platform available (set 'hibernate.transaction.jta.platform' to enable JTA platform integration)
2026-06-11T12:32:01.611+07:00  WARN 41392 --- [project] [restartedMain] JpaBaseConfiguration$JpaWebConfiguration : spring.jpa.open-in-view is enabled by default. Therefore, database queries may be performed during view rendering. Explicitly configure spring.jpa.open-in-view to disable this warning
2026-06-11T12:32:01.866+07:00  INFO 41392 --- [project] [restartedMain] org.example.project.ProjectApplication   : Started ProjectApplication in 1.046 seconds (process running for 155.664)
2026-06-11T12:32:09.002+07:00  INFO 41392 --- [project] [http-nio-8080-exec-5] o.a.c.c.C.[Tomcat-2].[localhost].[/]     : Initializing Spring DispatcherServlet 'dispatcherServlet'
2026-06-11T12:42:02.455+07:00  INFO 41392 --- [project] [Thread-12] com.zaxxer.hikari.HikariDataSource       : HikariPool-5 - Shutdown initiated...
2026-06-11T12:42:02.459+07:00  INFO 41392 --- [project] [Thread-12] com.zaxxer.hikari.HikariDataSource       : HikariPool-5 - Shutdown completed.
2026-06-11T12:42:02.595+07:00  INFO 41392 --- [project] [restartedMain] org.example.project.ProjectApplication   : Starting ProjectApplication using Java 21.0.7 with PID 41392 (E:\Web\prj\project\build\classes\java\main started by Trong An in E:\Web\prj\project)
2026-06-11T12:42:02.596+07:00  INFO 41392 --- [project] [restartedMain] org.example.project.ProjectApplication   : No active profile set, falling back to 1 default profile: "default"
2026-06-11T12:42:03.144+07:00  INFO 41392 --- [project] [restartedMain] o.apache.catalina.core.StandardService   : Starting service [Tomcat]
2026-06-11T12:42:03.144+07:00  INFO 41392 --- [project] [restartedMain] o.apache.catalina.core.StandardEngine    : Starting Servlet engine: [Apache Tomcat/11.0.21]
2026-06-11T12:42:03.278+07:00  INFO 41392 --- [project] [restartedMain] org.hibernate.orm.jpa                    : HHH008540: Processing PersistenceUnitInfo [name: default]
2026-06-11T12:42:03.336+07:00  INFO 41392 --- [project] [restartedMain] com.zaxxer.hikari.HikariDataSource       : HikariPool-6 - Starting...
2026-06-11T12:42:03.346+07:00  INFO 41392 --- [project] [restartedMain] com.zaxxer.hikari.pool.HikariPool        : HikariPool-6 - Added connection com.mysql.cj.jdbc.ConnectionImpl@181a90f3
2026-06-11T12:42:03.346+07:00  INFO 41392 --- [project] [restartedMain] com.zaxxer.hikari.HikariDataSource       : HikariPool-6 - Start completed.
2026-06-11T12:42:03.348+07:00  WARN 41392 --- [project] [restartedMain] org.hibernate.orm.deprecation            : HHH90000025: MySQLDialect does not need to be specified explicitly using 'hibernate.dialect' (remove the property setting and it will be selected by default)
2026-06-11T12:42:03.349+07:00  INFO 41392 --- [project] [restartedMain] org.hibernate.orm.connections.pooling    : HHH10001005: Database info:
	Database JDBC URL [jdbc:mysql://localhost:3306/badminton?createDatabaseIfNotExist=true&useSSL=false&allowPublicKeyRetrieval=true&serverTimezone=UTC]
	Database driver: MySQL Connector/J
	Database dialect: MySQLDialect
	Database version: 9.5
	Default catalog/schema: badminton/undefined
	Autocommit mode: undefined/unknown
	Isolation level: REPEATABLE_READ [default REPEATABLE_READ]
	JDBC fetch size: none
	Pool: DataSourceConnectionProvider
	Minimum pool size: undefined/unknown
	Maximum pool size: undefined/unknown
2026-06-11T12:42:03.511+07:00  INFO 41392 --- [project] [restartedMain] org.hibernate.orm.core                   : HHH000489: No JTA platform available (set 'hibernate.transaction.jta.platform' to enable JTA platform integration)
2026-06-11T12:42:03.715+07:00  WARN 41392 --- [project] [restartedMain] ConfigServletWebServerApplicationContext : Exception encountered during context initialization - cancelling refresh attempt: org.springframework.beans.factory.UnsatisfiedDependencyException: Error creating bean with name 'userController' defined in file [E:\Web\prj\project\build\classes\java\main\org\example\project\controller\UserController.class]: Unsatisfied dependency expressed through constructor parameter 0: Error creating bean with name 'IUserServiceImpl' defined in file [E:\Web\prj\project\build\classes\java\main\org\example\project\service\impl\IUserServiceImpl.class]: Unsatisfied dependency expressed through constructor parameter 0: No qualifying bean of type 'org.springframework.security.crypto.bcrypt.BCryptPasswordEncoder' available: expected at least 1 bean which qualifies as autowire candidate. Dependency annotations: {}
2026-06-11T12:42:03.716+07:00  INFO 41392 --- [project] [restartedMain] com.zaxxer.hikari.HikariDataSource       : HikariPool-6 - Shutdown initiated...
2026-06-11T12:42:03.725+07:00  INFO 41392 --- [project] [restartedMain] com.zaxxer.hikari.HikariDataSource       : HikariPool-6 - Shutdown completed.
2026-06-11T12:42:03.726+07:00  INFO 41392 --- [project] [restartedMain] o.apache.catalina.core.StandardService   : Stopping service [Tomcat]
2026-06-11T12:42:03.742+07:00 ERROR 41392 --- [project] [restartedMain] o.s.b.d.LoggingFailureAnalysisReporter   : 

***************************
APPLICATION FAILED TO START
***************************

Description:

Parameter 0 of constructor in org.example.project.service.impl.IUserServiceImpl required a bean of type 'org.springframework.security.crypto.bcrypt.BCryptPasswordEncoder' that could not be found.


Action:

Consider defining a bean of type 'org.springframework.security.crypto.bcrypt.BCryptPasswordEncoder' in your configuration.

2026-06-11T12:42:05.244+07:00  INFO 41392 --- [project] [restartedMain] org.example.project.ProjectApplication   : Starting ProjectApplication using Java 21.0.7 with PID 41392 (E:\Web\prj\project\build\classes\java\main started by Trong An in E:\Web\prj\project)
2026-06-11T12:42:05.244+07:00  INFO 41392 --- [project] [restartedMain] org.example.project.ProjectApplication   : No active profile set, falling back to 1 default profile: "default"
2026-06-11T12:42:05.727+07:00  INFO 41392 --- [project] [restartedMain] o.apache.catalina.core.StandardService   : Starting service [Tomcat]
2026-06-11T12:42:05.729+07:00  INFO 41392 --- [project] [restartedMain] o.apache.catalina.core.StandardEngine    : Starting Servlet engine: [Apache Tomcat/11.0.21]
2026-06-11T12:42:05.869+07:00  INFO 41392 --- [project] [restartedMain] org.hibernate.orm.jpa                    : HHH008540: Processing PersistenceUnitInfo [name: default]
2026-06-11T12:42:05.937+07:00  INFO 41392 --- [project] [restartedMain] com.zaxxer.hikari.HikariDataSource       : HikariPool-7 - Starting...
2026-06-11T12:42:05.947+07:00  INFO 41392 --- [project] [restartedMain] com.zaxxer.hikari.pool.HikariPool        : HikariPool-7 - Added connection com.mysql.cj.jdbc.ConnectionImpl@36f85bac
2026-06-11T12:42:05.947+07:00  INFO 41392 --- [project] [restartedMain] com.zaxxer.hikari.HikariDataSource       : HikariPool-7 - Start completed.
2026-06-11T12:42:05.949+07:00  WARN 41392 --- [project] [restartedMain] org.hibernate.orm.deprecation            : HHH90000025: MySQLDialect does not need to be specified explicitly using 'hibernate.dialect' (remove the property setting and it will be selected by default)
2026-06-11T12:42:05.950+07:00  INFO 41392 --- [project] [restartedMain] org.hibernate.orm.connections.pooling    : HHH10001005: Database info:
	Database JDBC URL [jdbc:mysql://localhost:3306/badminton?createDatabaseIfNotExist=true&useSSL=false&allowPublicKeyRetrieval=true&serverTimezone=UTC]
	Database driver: MySQL Connector/J
	Database dialect: MySQLDialect
	Database version: 9.5
	Default catalog/schema: badminton/undefined
	Autocommit mode: undefined/unknown
	Isolation level: REPEATABLE_READ [default REPEATABLE_READ]
	JDBC fetch size: none
	Pool: DataSourceConnectionProvider
	Minimum pool size: undefined/unknown
	Maximum pool size: undefined/unknown
2026-06-11T12:42:06.082+07:00  INFO 41392 --- [project] [restartedMain] org.hibernate.orm.core                   : HHH000489: No JTA platform available (set 'hibernate.transaction.jta.platform' to enable JTA platform integration)
2026-06-11T12:42:06.389+07:00  WARN 41392 --- [project] [restartedMain] JpaBaseConfiguration$JpaWebConfiguration : spring.jpa.open-in-view is enabled by default. Therefore, database queries may be performed during view rendering. Explicitly configure spring.jpa.open-in-view to disable this warning
2026-06-11T12:42:07.182+07:00  INFO 41392 --- [project] [restartedMain] org.example.project.ProjectApplication   : Started ProjectApplication in 1.989 seconds (process running for 760.98)
2026-06-11T12:43:04.776+07:00  INFO 41392 --- [project] [Thread-19] com.zaxxer.hikari.HikariDataSource       : HikariPool-7 - Shutdown initiated...
2026-06-11T12:43:04.782+07:00  INFO 41392 --- [project] [Thread-19] com.zaxxer.hikari.HikariDataSource       : HikariPool-7 - Shutdown completed.
2026-06-11T12:43:04.901+07:00  INFO 41392 --- [project] [restartedMain] org.example.project.ProjectApplication   : Starting ProjectApplication using Java 21.0.7 with PID 41392 (E:\Web\prj\project\build\classes\java\main started by Trong An in E:\Web\prj\project)
2026-06-11T12:43:04.901+07:00  INFO 41392 --- [project] [restartedMain] org.example.project.ProjectApplication   : No active profile set, falling back to 1 default profile: "default"
2026-06-11T12:43:05.352+07:00  INFO 41392 --- [project] [restartedMain] o.apache.catalina.core.StandardService   : Starting service [Tomcat]
2026-06-11T12:43:05.352+07:00  INFO 41392 --- [project] [restartedMain] o.apache.catalina.core.StandardEngine    : Starting Servlet engine: [Apache Tomcat/11.0.21]
2026-06-11T12:43:05.471+07:00  INFO 41392 --- [project] [restartedMain] org.hibernate.orm.jpa                    : HHH008540: Processing PersistenceUnitInfo [name: default]
2026-06-11T12:43:05.536+07:00  INFO 41392 --- [project] [restartedMain] com.zaxxer.hikari.HikariDataSource       : HikariPool-8 - Starting...
2026-06-11T12:43:05.544+07:00  INFO 41392 --- [project] [restartedMain] com.zaxxer.hikari.pool.HikariPool        : HikariPool-8 - Added connection com.mysql.cj.jdbc.ConnectionImpl@1eac08b6
2026-06-11T12:43:05.545+07:00  INFO 41392 --- [project] [restartedMain] com.zaxxer.hikari.HikariDataSource       : HikariPool-8 - Start completed.
2026-06-11T12:43:05.547+07:00  WARN 41392 --- [project] [restartedMain] org.hibernate.orm.deprecation            : HHH90000025: MySQLDialect does not need to be specified explicitly using 'hibernate.dialect' (remove the property setting and it will be selected by default)
2026-06-11T12:43:05.548+07:00  INFO 41392 --- [project] [restartedMain] org.hibernate.orm.connections.pooling    : HHH10001005: Database info:
	Database JDBC URL [jdbc:mysql://localhost:3306/badminton?createDatabaseIfNotExist=true&useSSL=false&allowPublicKeyRetrieval=true&serverTimezone=UTC]
	Database driver: MySQL Connector/J
	Database dialect: MySQLDialect
	Database version: 9.5
	Default catalog/schema: badminton/undefined
	Autocommit mode: undefined/unknown
	Isolation level: REPEATABLE_READ [default REPEATABLE_READ]
	JDBC fetch size: none
	Pool: DataSourceConnectionProvider
	Minimum pool size: undefined/unknown
	Maximum pool size: undefined/unknown
2026-06-11T12:43:05.734+07:00  INFO 41392 --- [project] [restartedMain] org.hibernate.orm.core                   : HHH000489: No JTA platform available (set 'hibernate.transaction.jta.platform' to enable JTA platform integration)
2026-06-11T12:43:06.061+07:00  WARN 41392 --- [project] [restartedMain] JpaBaseConfiguration$JpaWebConfiguration : spring.jpa.open-in-view is enabled by default. Therefore, database queries may be performed during view rendering. Explicitly configure spring.jpa.open-in-view to disable this warning
2026-06-11T12:43:06.758+07:00  INFO 41392 --- [project] [restartedMain] org.example.project.ProjectApplication   : Started ProjectApplication in 1.886 seconds (process running for 820.556)
2026-06-11T12:43:08.105+07:00  INFO 41392 --- [project] [Thread-26] com.zaxxer.hikari.HikariDataSource       : HikariPool-8 - Shutdown initiated...
2026-06-11T12:43:08.111+07:00  INFO 41392 --- [project] [Thread-26] com.zaxxer.hikari.HikariDataSource       : HikariPool-8 - Shutdown completed.
2026-06-11T12:43:08.450+07:00  INFO 41392 --- [project] [restartedMain] org.example.project.ProjectApplication   : Starting ProjectApplication using Java 21.0.7 with PID 41392 (E:\Web\prj\project\build\classes\java\main started by Trong An in E:\Web\prj\project)
2026-06-11T12:43:08.450+07:00  INFO 41392 --- [project] [restartedMain] org.example.project.ProjectApplication   : No active profile set, falling back to 1 default profile: "default"
2026-06-11T12:43:08.918+07:00  INFO 41392 --- [project] [restartedMain] o.apache.catalina.core.StandardService   : Starting service [Tomcat]
2026-06-11T12:43:08.918+07:00  INFO 41392 --- [project] [restartedMain] o.apache.catalina.core.StandardEngine    : Starting Servlet engine: [Apache Tomcat/11.0.21]
2026-06-11T12:43:09.030+07:00  INFO 41392 --- [project] [restartedMain] org.hibernate.orm.jpa                    : HHH008540: Processing PersistenceUnitInfo [name: default]
2026-06-11T12:43:09.088+07:00  INFO 41392 --- [project] [restartedMain] com.zaxxer.hikari.HikariDataSource       : HikariPool-9 - Starting...
2026-06-11T12:43:09.098+07:00  INFO 41392 --- [project] [restartedMain] com.zaxxer.hikari.pool.HikariPool        : HikariPool-9 - Added connection com.mysql.cj.jdbc.ConnectionImpl@5ae4953f
2026-06-11T12:43:09.099+07:00  INFO 41392 --- [project] [restartedMain] com.zaxxer.hikari.HikariDataSource       : HikariPool-9 - Start completed.
2026-06-11T12:43:09.101+07:00  WARN 41392 --- [project] [restartedMain] org.hibernate.orm.deprecation            : HHH90000025: MySQLDialect does not need to be specified explicitly using 'hibernate.dialect' (remove the property setting and it will be selected by default)
2026-06-11T12:43:09.101+07:00  INFO 41392 --- [project] [restartedMain] org.hibernate.orm.connections.pooling    : HHH10001005: Database info:
	Database JDBC URL [jdbc:mysql://localhost:3306/badminton?createDatabaseIfNotExist=true&useSSL=false&allowPublicKeyRetrieval=true&serverTimezone=UTC]
	Database driver: MySQL Connector/J
	Database dialect: MySQLDialect
	Database version: 9.5
	Default catalog/schema: badminton/undefined
	Autocommit mode: undefined/unknown
	Isolation level: REPEATABLE_READ [default REPEATABLE_READ]
	JDBC fetch size: none
	Pool: DataSourceConnectionProvider
	Minimum pool size: undefined/unknown
	Maximum pool size: undefined/unknown
2026-06-11T12:43:09.251+07:00  INFO 41392 --- [project] [restartedMain] org.hibernate.orm.core                   : HHH000489: No JTA platform available (set 'hibernate.transaction.jta.platform' to enable JTA platform integration)
2026-06-11T12:43:09.549+07:00  WARN 41392 --- [project] [restartedMain] JpaBaseConfiguration$JpaWebConfiguration : spring.jpa.open-in-view is enabled by default. Therefore, database queries may be performed during view rendering. Explicitly configure spring.jpa.open-in-view to disable this warning
2026-06-11T12:43:10.032+07:00  INFO 41392 --- [project] [restartedMain] org.example.project.ProjectApplication   : Started ProjectApplication in 1.688 seconds (process running for 823.829)
2026-06-11T12:44:15.743+07:00  INFO 41392 --- [project] [Thread-30] com.zaxxer.hikari.HikariDataSource       : HikariPool-9 - Shutdown initiated...
2026-06-11T12:44:15.747+07:00  INFO 41392 --- [project] [Thread-30] com.zaxxer.hikari.HikariDataSource       : HikariPool-9 - Shutdown completed.
2026-06-11T12:44:15.877+07:00  INFO 41392 --- [project] [restartedMain] org.example.project.ProjectApplication   : Starting ProjectApplication using Java 21.0.7 with PID 41392 (E:\Web\prj\project\build\classes\java\main started by Trong An in E:\Web\prj\project)
2026-06-11T12:44:15.877+07:00  INFO 41392 --- [project] [restartedMain] org.example.project.ProjectApplication   : No active profile set, falling back to 1 default profile: "default"
2026-06-11T12:44:16.389+07:00  INFO 41392 --- [project] [restartedMain] o.apache.catalina.core.StandardService   : Starting service [Tomcat]
2026-06-11T12:44:16.389+07:00  INFO 41392 --- [project] [restartedMain] o.apache.catalina.core.StandardEngine    : Starting Servlet engine: [Apache Tomcat/11.0.21]
2026-06-11T12:44:16.525+07:00  INFO 41392 --- [project] [restartedMain] org.hibernate.orm.jpa                    : HHH008540: Processing PersistenceUnitInfo [name: default]
2026-06-11T12:44:16.604+07:00  INFO 41392 --- [project] [restartedMain] com.zaxxer.hikari.HikariDataSource       : HikariPool-10 - Starting...
2026-06-11T12:44:16.617+07:00  INFO 41392 --- [project] [restartedMain] com.zaxxer.hikari.pool.HikariPool        : HikariPool-10 - Added connection com.mysql.cj.jdbc.ConnectionImpl@7a2e7289
2026-06-11T12:44:16.618+07:00  INFO 41392 --- [project] [restartedMain] com.zaxxer.hikari.HikariDataSource       : HikariPool-10 - Start completed.
2026-06-11T12:44:16.622+07:00  WARN 41392 --- [project] [restartedMain] org.hibernate.orm.deprecation            : HHH90000025: MySQLDialect does not need to be specified explicitly using 'hibernate.dialect' (remove the property setting and it will be selected by default)
2026-06-11T12:44:16.623+07:00  INFO 41392 --- [project] [restartedMain] org.hibernate.orm.connections.pooling    : HHH10001005: Database info:
	Database JDBC URL [jdbc:mysql://localhost:3306/badminton?createDatabaseIfNotExist=true&useSSL=false&allowPublicKeyRetrieval=true&serverTimezone=UTC]
	Database driver: MySQL Connector/J
	Database dialect: MySQLDialect
	Database version: 9.5
	Default catalog/schema: badminton/undefined
	Autocommit mode: undefined/unknown
	Isolation level: REPEATABLE_READ [default REPEATABLE_READ]
	JDBC fetch size: none
	Pool: DataSourceConnectionProvider
	Minimum pool size: undefined/unknown
	Maximum pool size: undefined/unknown
2026-06-11T12:44:16.794+07:00  INFO 41392 --- [project] [restartedMain] org.hibernate.orm.core                   : HHH000489: No JTA platform available (set 'hibernate.transaction.jta.platform' to enable JTA platform integration)
2026-06-11T12:44:17.125+07:00  WARN 41392 --- [project] [restartedMain] JpaBaseConfiguration$JpaWebConfiguration : spring.jpa.open-in-view is enabled by default. Therefore, database queries may be performed during view rendering. Explicitly configure spring.jpa.open-in-view to disable this warning
2026-06-11T12:44:17.718+07:00  INFO 41392 --- [project] [restartedMain] org.example.project.ProjectApplication   : Started ProjectApplication in 1.872 seconds (process running for 891.516)
2026-06-11T12:46:16.286+07:00  INFO 41392 --- [project] [http-nio-8080-exec-2] o.a.c.c.C.[Tomcat-3].[localhost].[/]     : Initializing Spring DispatcherServlet 'dispatcherServlet'
2026-06-11T12:46:37.372+07:00  INFO 41392 --- [project] [Thread-34] com.zaxxer.hikari.HikariDataSource       : HikariPool-10 - Shutdown initiated...
2026-06-11T12:46:37.378+07:00  INFO 41392 --- [project] [Thread-34] com.zaxxer.hikari.HikariDataSource       : HikariPool-10 - Shutdown completed.
2026-06-11T12:46:37.477+07:00  INFO 41392 --- [project] [restartedMain] org.example.project.ProjectApplication   : Starting ProjectApplication using Java 21.0.7 with PID 41392 (E:\Web\prj\project\build\classes\java\main started by Trong An in E:\Web\prj\project)
2026-06-11T12:46:37.478+07:00  INFO 41392 --- [project] [restartedMain] org.example.project.ProjectApplication   : No active profile set, falling back to 1 default profile: "default"
2026-06-11T12:46:37.913+07:00  INFO 41392 --- [project] [restartedMain] o.apache.catalina.core.StandardService   : Starting service [Tomcat]
2026-06-11T12:46:37.913+07:00  INFO 41392 --- [project] [restartedMain] o.apache.catalina.core.StandardEngine    : Starting Servlet engine: [Apache Tomcat/11.0.21]
2026-06-11T12:46:38.014+07:00  INFO 41392 --- [project] [restartedMain] org.hibernate.orm.jpa                    : HHH008540: Processing PersistenceUnitInfo [name: default]
2026-06-11T12:46:38.069+07:00  INFO 41392 --- [project] [restartedMain] com.zaxxer.hikari.HikariDataSource       : HikariPool-11 - Starting...
2026-06-11T12:46:38.075+07:00  INFO 41392 --- [project] [restartedMain] com.zaxxer.hikari.pool.HikariPool        : HikariPool-11 - Added connection com.mysql.cj.jdbc.ConnectionImpl@38c863b1
2026-06-11T12:46:38.076+07:00  INFO 41392 --- [project] [restartedMain] com.zaxxer.hikari.HikariDataSource       : HikariPool-11 - Start completed.
2026-06-11T12:46:38.077+07:00  WARN 41392 --- [project] [restartedMain] org.hibernate.orm.deprecation            : HHH90000025: MySQLDialect does not need to be specified explicitly using 'hibernate.dialect' (remove the property setting and it will be selected by default)
2026-06-11T12:46:38.078+07:00  INFO 41392 --- [project] [restartedMain] org.hibernate.orm.connections.pooling    : HHH10001005: Database info:
	Database JDBC URL [jdbc:mysql://localhost:3306/badminton?createDatabaseIfNotExist=true&useSSL=false&allowPublicKeyRetrieval=true&serverTimezone=UTC]
	Database driver: MySQL Connector/J
	Database dialect: MySQLDialect
	Database version: 9.5
	Default catalog/schema: badminton/undefined
	Autocommit mode: undefined/unknown
	Isolation level: REPEATABLE_READ [default REPEATABLE_READ]
	JDBC fetch size: none
	Pool: DataSourceConnectionProvider
	Minimum pool size: undefined/unknown
	Maximum pool size: undefined/unknown
2026-06-11T12:46:38.239+07:00  INFO 41392 --- [project] [restartedMain] org.hibernate.orm.core                   : HHH000489: No JTA platform available (set 'hibernate.transaction.jta.platform' to enable JTA platform integration)
2026-06-11T12:46:38.394+07:00  WARN 41392 --- [project] [restartedMain] ConfigServletWebServerApplicationContext : Exception encountered during context initialization - cancelling refresh attempt: org.springframework.beans.factory.UnsatisfiedDependencyException: Error creating bean with name 'adminController' defined in file [E:\Web\prj\project\build\classes\java\main\org\example\project\controller\AdminController.class]: Unsatisfied dependency expressed through constructor parameter 0: Error creating bean with name 'IUserServiceImpl' defined in file [E:\Web\prj\project\build\classes\java\main\org\example\project\service\impl\IUserServiceImpl.class]: Unsatisfied dependency expressed through constructor parameter 0: No qualifying bean of type 'org.springframework.security.crypto.bcrypt.BCryptPasswordEncoder' available: expected at least 1 bean which qualifies as autowire candidate. Dependency annotations: {}
2026-06-11T12:46:38.396+07:00  INFO 41392 --- [project] [restartedMain] com.zaxxer.hikari.HikariDataSource       : HikariPool-11 - Shutdown initiated...
2026-06-11T12:46:38.420+07:00  INFO 41392 --- [project] [restartedMain] com.zaxxer.hikari.HikariDataSource       : HikariPool-11 - Shutdown completed.
2026-06-11T12:46:38.421+07:00  INFO 41392 --- [project] [restartedMain] o.apache.catalina.core.StandardService   : Stopping service [Tomcat]
2026-06-11T12:46:38.434+07:00 ERROR 41392 --- [project] [restartedMain] o.s.b.d.LoggingFailureAnalysisReporter   : 

***************************
APPLICATION FAILED TO START
***************************

Description:

Parameter 0 of constructor in org.example.project.service.impl.IUserServiceImpl required a bean of type 'org.springframework.security.crypto.bcrypt.BCryptPasswordEncoder' that could not be found.


Action:

Consider defining a bean of type 'org.springframework.security.crypto.bcrypt.BCryptPasswordEncoder' in your configuration.

2026-06-11T12:46:39.995+07:00  INFO 41392 --- [project] [restartedMain] org.example.project.ProjectApplication   : Starting ProjectApplication using Java 21.0.7 with PID 41392 (E:\Web\prj\project\build\classes\java\main started by Trong An in E:\Web\prj\project)
2026-06-11T12:46:39.996+07:00  INFO 41392 --- [project] [restartedMain] org.example.project.ProjectApplication   : No active profile set, falling back to 1 default profile: "default"
2026-06-11T12:46:40.530+07:00  INFO 41392 --- [project] [restartedMain] o.apache.catalina.core.StandardService   : Starting service [Tomcat]
2026-06-11T12:46:40.531+07:00  INFO 41392 --- [project] [restartedMain] o.apache.catalina.core.StandardEngine    : Starting Servlet engine: [Apache Tomcat/11.0.21]
2026-06-11T12:46:40.678+07:00  INFO 41392 --- [project] [restartedMain] org.hibernate.orm.jpa                    : HHH008540: Processing PersistenceUnitInfo [name: default]
2026-06-11T12:46:40.769+07:00  INFO 41392 --- [project] [restartedMain] com.zaxxer.hikari.HikariDataSource       : HikariPool-12 - Starting...
2026-06-11T12:46:40.781+07:00  INFO 41392 --- [project] [restartedMain] com.zaxxer.hikari.pool.HikariPool        : HikariPool-12 - Added connection com.mysql.cj.jdbc.ConnectionImpl@79352ca8
2026-06-11T12:46:40.783+07:00  INFO 41392 --- [project] [restartedMain] com.zaxxer.hikari.HikariDataSource       : HikariPool-12 - Start completed.
2026-06-11T12:46:40.787+07:00  WARN 41392 --- [project] [restartedMain] org.hibernate.orm.deprecation            : HHH90000025: MySQLDialect does not need to be specified explicitly using 'hibernate.dialect' (remove the property setting and it will be selected by default)
2026-06-11T12:46:40.789+07:00  INFO 41392 --- [project] [restartedMain] org.hibernate.orm.connections.pooling    : HHH10001005: Database info:
	Database JDBC URL [jdbc:mysql://localhost:3306/badminton?createDatabaseIfNotExist=true&useSSL=false&allowPublicKeyRetrieval=true&serverTimezone=UTC]
	Database driver: MySQL Connector/J
	Database dialect: MySQLDialect
	Database version: 9.5
	Default catalog/schema: badminton/undefined
	Autocommit mode: undefined/unknown
	Isolation level: REPEATABLE_READ [default REPEATABLE_READ]
	JDBC fetch size: none
	Pool: DataSourceConnectionProvider
	Minimum pool size: undefined/unknown
	Maximum pool size: undefined/unknown
2026-06-11T12:46:40.975+07:00  INFO 41392 --- [project] [restartedMain] org.hibernate.orm.core                   : HHH000489: No JTA platform available (set 'hibernate.transaction.jta.platform' to enable JTA platform integration)
2026-06-11T12:46:41.611+07:00  WARN 41392 --- [project] [restartedMain] JpaBaseConfiguration$JpaWebConfiguration : spring.jpa.open-in-view is enabled by default. Therefore, database queries may be performed during view rendering. Explicitly configure spring.jpa.open-in-view to disable this warning
2026-06-11T12:46:42.250+07:00  INFO 41392 --- [project] [restartedMain] org.example.project.ProjectApplication   : Started ProjectApplication in 2.302 seconds (process running for 1036.048)
2026-06-11T12:46:42.794+07:00  INFO 41392 --- [project] [http-nio-8080-exec-3] o.a.c.c.C.[Tomcat-4].[localhost].[/]     : Initializing Spring DispatcherServlet 'dispatcherServlet'
2026-06-11T12:47:53.149+07:00  INFO 41392 --- [project] [Thread-38] com.zaxxer.hikari.HikariDataSource       : HikariPool-12 - Shutdown initiated...
2026-06-11T12:47:53.153+07:00  INFO 41392 --- [project] [Thread-38] com.zaxxer.hikari.HikariDataSource       : HikariPool-12 - Shutdown completed.
2026-06-11T12:47:53.267+07:00  INFO 41392 --- [project] [restartedMain] org.example.project.ProjectApplication   : Starting ProjectApplication using Java 21.0.7 with PID 41392 (E:\Web\prj\project\build\classes\java\main started by Trong An in E:\Web\prj\project)
2026-06-11T12:47:53.268+07:00  INFO 41392 --- [project] [restartedMain] org.example.project.ProjectApplication   : No active profile set, falling back to 1 default profile: "default"
2026-06-11T12:47:53.747+07:00  INFO 41392 --- [project] [restartedMain] o.apache.catalina.core.StandardService   : Starting service [Tomcat]
2026-06-11T12:47:53.747+07:00  INFO 41392 --- [project] [restartedMain] o.apache.catalina.core.StandardEngine    : Starting Servlet engine: [Apache Tomcat/11.0.21]
2026-06-11T12:47:53.869+07:00  INFO 41392 --- [project] [restartedMain] org.hibernate.orm.jpa                    : HHH008540: Processing PersistenceUnitInfo [name: default]
2026-06-11T12:47:53.941+07:00  INFO 41392 --- [project] [restartedMain] com.zaxxer.hikari.HikariDataSource       : HikariPool-13 - Starting...
2026-06-11T12:47:53.955+07:00  INFO 41392 --- [project] [restartedMain] com.zaxxer.hikari.pool.HikariPool        : HikariPool-13 - Added connection com.mysql.cj.jdbc.ConnectionImpl@3939a3
2026-06-11T12:47:53.955+07:00  INFO 41392 --- [project] [restartedMain] com.zaxxer.hikari.HikariDataSource       : HikariPool-13 - Start completed.
2026-06-11T12:47:53.957+07:00  WARN 41392 --- [project] [restartedMain] org.hibernate.orm.deprecation            : HHH90000025: MySQLDialect does not need to be specified explicitly using 'hibernate.dialect' (remove the property setting and it will be selected by default)
2026-06-11T12:47:53.959+07:00  INFO 41392 --- [project] [restartedMain] org.hibernate.orm.connections.pooling    : HHH10001005: Database info:
	Database JDBC URL [jdbc:mysql://localhost:3306/badminton?createDatabaseIfNotExist=true&useSSL=false&allowPublicKeyRetrieval=true&serverTimezone=UTC]
	Database driver: MySQL Connector/J
	Database dialect: MySQLDialect
	Database version: 9.5
	Default catalog/schema: badminton/undefined
	Autocommit mode: undefined/unknown
	Isolation level: REPEATABLE_READ [default REPEATABLE_READ]
	JDBC fetch size: none
	Pool: DataSourceConnectionProvider
	Minimum pool size: undefined/unknown
	Maximum pool size: undefined/unknown
2026-06-11T12:47:54.159+07:00  INFO 41392 --- [project] [restartedMain] org.hibernate.orm.core                   : HHH000489: No JTA platform available (set 'hibernate.transaction.jta.platform' to enable JTA platform integration)
2026-06-11T12:47:54.527+07:00  WARN 41392 --- [project] [restartedMain] JpaBaseConfiguration$JpaWebConfiguration : spring.jpa.open-in-view is enabled by default. Therefore, database queries may be performed during view rendering. Explicitly configure spring.jpa.open-in-view to disable this warning
2026-06-11T12:47:55.068+07:00  INFO 41392 --- [project] [restartedMain] org.example.project.ProjectApplication   : Started ProjectApplication in 1.844 seconds (process running for 1108.866)
2026-06-11T12:47:55.349+07:00  INFO 41392 --- [project] [http-nio-8080-exec-2] o.a.c.c.C.[Tomcat-4].[localhost].[/]     : Initializing Spring DispatcherServlet 'dispatcherServlet'
2026-06-11T12:47:56.494+07:00  INFO 41392 --- [project] [Thread-45] com.zaxxer.hikari.HikariDataSource       : HikariPool-13 - Shutdown initiated...
2026-06-11T12:47:56.498+07:00  INFO 41392 --- [project] [Thread-45] com.zaxxer.hikari.HikariDataSource       : HikariPool-13 - Shutdown completed.
2026-06-11T12:47:56.600+07:00  INFO 41392 --- [project] [restartedMain] org.example.project.ProjectApplication   : Starting ProjectApplication using Java 21.0.7 with PID 41392 (E:\Web\prj\project\build\classes\java\main started by Trong An in E:\Web\prj\project)
2026-06-11T12:47:56.600+07:00  INFO 41392 --- [project] [restartedMain] org.example.project.ProjectApplication   : No active profile set, falling back to 1 default profile: "default"
2026-06-11T12:47:57.172+07:00  INFO 41392 --- [project] [restartedMain] o.apache.catalina.core.StandardService   : Starting service [Tomcat]
2026-06-11T12:47:57.172+07:00  INFO 41392 --- [project] [restartedMain] o.apache.catalina.core.StandardEngine    : Starting Servlet engine: [Apache Tomcat/11.0.21]
2026-06-11T12:47:57.525+07:00  INFO 41392 --- [project] [restartedMain] org.hibernate.orm.jpa                    : HHH008540: Processing PersistenceUnitInfo [name: default]
2026-06-11T12:47:57.615+07:00  INFO 41392 --- [project] [restartedMain] com.zaxxer.hikari.HikariDataSource       : HikariPool-14 - Starting...
2026-06-11T12:47:57.621+07:00  INFO 41392 --- [project] [restartedMain] com.zaxxer.hikari.pool.HikariPool        : HikariPool-14 - Added connection com.mysql.cj.jdbc.ConnectionImpl@636fc526
2026-06-11T12:47:57.621+07:00  INFO 41392 --- [project] [restartedMain] com.zaxxer.hikari.HikariDataSource       : HikariPool-14 - Start completed.
2026-06-11T12:47:57.622+07:00  WARN 41392 --- [project] [restartedMain] org.hibernate.orm.deprecation            : HHH90000025: MySQLDialect does not need to be specified explicitly using 'hibernate.dialect' (remove the property setting and it will be selected by default)
2026-06-11T12:47:57.623+07:00  INFO 41392 --- [project] [restartedMain] org.hibernate.orm.connections.pooling    : HHH10001005: Database info:
	Database JDBC URL [jdbc:mysql://localhost:3306/badminton?createDatabaseIfNotExist=true&useSSL=false&allowPublicKeyRetrieval=true&serverTimezone=UTC]
	Database driver: MySQL Connector/J
	Database dialect: MySQLDialect
	Database version: 9.5
	Default catalog/schema: badminton/undefined
	Autocommit mode: undefined/unknown
	Isolation level: REPEATABLE_READ [default REPEATABLE_READ]
	JDBC fetch size: none
	Pool: DataSourceConnectionProvider
	Minimum pool size: undefined/unknown
	Maximum pool size: undefined/unknown
2026-06-11T12:47:57.796+07:00  INFO 41392 --- [project] [restartedMain] org.hibernate.orm.core                   : HHH000489: No JTA platform available (set 'hibernate.transaction.jta.platform' to enable JTA platform integration)
2026-06-11T12:47:58.166+07:00  WARN 41392 --- [project] [restartedMain] JpaBaseConfiguration$JpaWebConfiguration : spring.jpa.open-in-view is enabled by default. Therefore, database queries may be performed during view rendering. Explicitly configure spring.jpa.open-in-view to disable this warning
2026-06-11T12:47:58.692+07:00  INFO 41392 --- [project] [restartedMain] org.example.project.ProjectApplication   : Started ProjectApplication in 2.119 seconds (process running for 1112.49)
2026-06-11T12:47:59.451+07:00  INFO 41392 --- [project] [http-nio-8080-exec-2] o.a.c.c.C.[Tomcat-4].[localhost].[/]     : Initializing Spring DispatcherServlet 'dispatcherServlet'
2026-06-11T12:47:59.469+07:00  WARN 41392 --- [project] [http-nio-8080-exec-2] .w.s.m.s.DefaultHandlerExceptionResolver : Resolved [org.springframework.web.HttpRequestMethodNotSupportedException: Request method 'POST' is not supported]
2026-06-11T12:48:00.729+07:00  WARN 41392 --- [project] [http-nio-8080-exec-3] .w.s.m.s.DefaultHandlerExceptionResolver : Resolved [org.springframework.web.HttpRequestMethodNotSupportedException: Request method 'POST' is not supported]
2026-06-11T12:48:01.618+07:00  WARN 41392 --- [project] [http-nio-8080-exec-4] .w.s.m.s.DefaultHandlerExceptionResolver : Resolved [org.springframework.web.HttpRequestMethodNotSupportedException: Request method 'POST' is not supported]
2026-06-11T12:48:03.035+07:00  WARN 41392 --- [project] [http-nio-8080-exec-5] .w.s.m.s.DefaultHandlerExceptionResolver : Resolved [org.springframework.web.HttpRequestMethodNotSupportedException: Request method 'POST' is not supported]
2026-06-11T12:48:03.989+07:00  WARN 41392 --- [project] [http-nio-8080-exec-6] .w.s.m.s.DefaultHandlerExceptionResolver : Resolved [org.springframework.web.HttpRequestMethodNotSupportedException: Request method 'POST' is not supported]
2026-06-11T12:48:04.687+07:00  WARN 41392 --- [project] [http-nio-8080-exec-7] .w.s.m.s.DefaultHandlerExceptionResolver : Resolved [org.springframework.web.HttpRequestMethodNotSupportedException: Request method 'POST' is not supported]
2026-06-11T12:48:06.048+07:00  WARN 41392 --- [project] [http-nio-8080-exec-8] .w.s.m.s.DefaultHandlerExceptionResolver : Resolved [org.springframework.web.HttpRequestMethodNotSupportedException: Request method 'POST' is not supported]
2026-06-11T12:48:06.935+07:00  WARN 41392 --- [project] [http-nio-8080-exec-9] .w.s.m.s.DefaultHandlerExceptionResolver : Resolved [org.springframework.web.HttpRequestMethodNotSupportedException: Request method 'POST' is not supported]
2026-06-11T12:48:07.885+07:00  WARN 41392 --- [project] [http-nio-8080-exec-10] .w.s.m.s.DefaultHandlerExceptionResolver : Resolved [org.springframework.web.HttpRequestMethodNotSupportedException: Request method 'POST' is not supported]
2026-06-11T12:48:32.793+07:00  INFO 41392 --- [project] [Thread-49] com.zaxxer.hikari.HikariDataSource       : HikariPool-14 - Shutdown initiated...
2026-06-11T12:48:32.797+07:00  INFO 41392 --- [project] [Thread-49] com.zaxxer.hikari.HikariDataSource       : HikariPool-14 - Shutdown completed.
2026-06-11T12:48:32.900+07:00  INFO 41392 --- [project] [restartedMain] org.example.project.ProjectApplication   : Starting ProjectApplication using Java 21.0.7 with PID 41392 (E:\Web\prj\project\build\classes\java\main started by Trong An in E:\Web\prj\project)
2026-06-11T12:48:32.900+07:00  INFO 41392 --- [project] [restartedMain] org.example.project.ProjectApplication   : No active profile set, falling back to 1 default profile: "default"
2026-06-11T12:48:33.410+07:00  INFO 41392 --- [project] [restartedMain] o.apache.catalina.core.StandardService   : Starting service [Tomcat]
2026-06-11T12:48:33.410+07:00  INFO 41392 --- [project] [restartedMain] o.apache.catalina.core.StandardEngine    : Starting Servlet engine: [Apache Tomcat/11.0.21]
2026-06-11T12:48:33.520+07:00  INFO 41392 --- [project] [restartedMain] org.hibernate.orm.jpa                    : HHH008540: Processing PersistenceUnitInfo [name: default]
2026-06-11T12:48:33.577+07:00  INFO 41392 --- [project] [restartedMain] com.zaxxer.hikari.HikariDataSource       : HikariPool-15 - Starting...
2026-06-11T12:48:33.584+07:00  INFO 41392 --- [project] [restartedMain] com.zaxxer.hikari.pool.HikariPool        : HikariPool-15 - Added connection com.mysql.cj.jdbc.ConnectionImpl@dbd74d7
2026-06-11T12:48:33.584+07:00  INFO 41392 --- [project] [restartedMain] com.zaxxer.hikari.HikariDataSource       : HikariPool-15 - Start completed.
2026-06-11T12:48:33.587+07:00  WARN 41392 --- [project] [restartedMain] org.hibernate.orm.deprecation            : HHH90000025: MySQLDialect does not need to be specified explicitly using 'hibernate.dialect' (remove the property setting and it will be selected by default)
2026-06-11T12:48:33.587+07:00  INFO 41392 --- [project] [restartedMain] org.hibernate.orm.connections.pooling    : HHH10001005: Database info:
	Database JDBC URL [jdbc:mysql://localhost:3306/badminton?createDatabaseIfNotExist=true&useSSL=false&allowPublicKeyRetrieval=true&serverTimezone=UTC]
	Database driver: MySQL Connector/J
	Database dialect: MySQLDialect
	Database version: 9.5
	Default catalog/schema: badminton/undefined
	Autocommit mode: undefined/unknown
	Isolation level: REPEATABLE_READ [default REPEATABLE_READ]
	JDBC fetch size: none
	Pool: DataSourceConnectionProvider
	Minimum pool size: undefined/unknown
	Maximum pool size: undefined/unknown
2026-06-11T12:48:33.754+07:00  INFO 41392 --- [project] [restartedMain] org.hibernate.orm.core                   : HHH000489: No JTA platform available (set 'hibernate.transaction.jta.platform' to enable JTA platform integration)
2026-06-11T12:48:34.261+07:00  WARN 41392 --- [project] [restartedMain] JpaBaseConfiguration$JpaWebConfiguration : spring.jpa.open-in-view is enabled by default. Therefore, database queries may be performed during view rendering. Explicitly configure spring.jpa.open-in-view to disable this warning
2026-06-11T12:48:34.804+07:00  INFO 41392 --- [project] [restartedMain] org.example.project.ProjectApplication   : Started ProjectApplication in 1.939 seconds (process running for 1148.603)
2026-06-11T12:48:35.564+07:00  INFO 41392 --- [project] [http-nio-8080-exec-3] o.a.c.c.C.[Tomcat-4].[localhost].[/]     : Initializing Spring DispatcherServlet 'dispatcherServlet'
2026-06-11T12:55:33.654+07:00  INFO 41392 --- [project] [SpringApplicationShutdownHook] com.zaxxer.hikari.HikariDataSource       : HikariPool-15 - Shutdown initiated...
2026-06-11T12:55:33.657+07:00  INFO 41392 --- [project] [SpringApplicationShutdownHook] com.zaxxer.hikari.HikariDataSource       : HikariPool-15 - Shutdown completed.
2026-06-11T12:55:35.858+07:00  INFO 15548 --- [project] [restartedMain] org.example.project.ProjectApplication   : Starting ProjectApplication using Java 21.0.7 with PID 15548 (E:\Web\prj\project\build\classes\java\main started by Trong An in E:\Web\prj\project)
2026-06-11T12:55:35.860+07:00  INFO 15548 --- [project] [restartedMain] org.example.project.ProjectApplication   : No active profile set, falling back to 1 default profile: "default"
2026-06-11T12:55:37.188+07:00  INFO 15548 --- [project] [restartedMain] o.apache.catalina.core.StandardService   : Starting service [Tomcat]
2026-06-11T12:55:37.188+07:00  INFO 15548 --- [project] [restartedMain] o.apache.catalina.core.StandardEngine    : Starting Servlet engine: [Apache Tomcat/11.0.21]
2026-06-11T12:55:37.395+07:00  INFO 15548 --- [project] [restartedMain] org.hibernate.orm.jpa                    : HHH008540: Processing PersistenceUnitInfo [name: default]
2026-06-11T12:55:37.466+07:00  INFO 15548 --- [project] [restartedMain] org.hibernate.orm.core                   : HHH000001: Hibernate ORM core version 7.2.12.Final
2026-06-11T12:55:37.943+07:00  INFO 15548 --- [project] [restartedMain] com.zaxxer.hikari.HikariDataSource       : HikariPool-1 - Starting...
2026-06-11T12:55:38.097+07:00  INFO 15548 --- [project] [restartedMain] com.zaxxer.hikari.pool.HikariPool        : HikariPool-1 - Added connection com.mysql.cj.jdbc.ConnectionImpl@58f24df4
2026-06-11T12:55:38.100+07:00  INFO 15548 --- [project] [restartedMain] com.zaxxer.hikari.HikariDataSource       : HikariPool-1 - Start completed.
2026-06-11T12:55:38.151+07:00  WARN 15548 --- [project] [restartedMain] org.hibernate.orm.deprecation            : HHH90000025: MySQLDialect does not need to be specified explicitly using 'hibernate.dialect' (remove the property setting and it will be selected by default)
2026-06-11T12:55:38.167+07:00  INFO 15548 --- [project] [restartedMain] org.hibernate.orm.connections.pooling    : HHH10001005: Database info:
	Database JDBC URL [jdbc:mysql://localhost:3306/badminton?createDatabaseIfNotExist=true&useSSL=false&allowPublicKeyRetrieval=true&serverTimezone=UTC]
	Database driver: MySQL Connector/J
	Database dialect: MySQLDialect
	Database version: 9.5
	Default catalog/schema: badminton/undefined
	Autocommit mode: undefined/unknown
	Isolation level: REPEATABLE_READ [default REPEATABLE_READ]
	JDBC fetch size: none
	Pool: DataSourceConnectionProvider
	Minimum pool size: undefined/unknown
	Maximum pool size: undefined/unknown
2026-06-11T12:55:39.170+07:00  INFO 15548 --- [project] [restartedMain] org.hibernate.orm.core                   : HHH000489: No JTA platform available (set 'hibernate.transaction.jta.platform' to enable JTA platform integration)
2026-06-11T12:55:40.468+07:00  WARN 15548 --- [project] [restartedMain] JpaBaseConfiguration$JpaWebConfiguration : spring.jpa.open-in-view is enabled by default. Therefore, database queries may be performed during view rendering. Explicitly configure spring.jpa.open-in-view to disable this warning
2026-06-11T12:55:41.183+07:00  INFO 15548 --- [project] [restartedMain] org.example.project.ProjectApplication   : Started ProjectApplication in 5.784 seconds (process running for 6.494)
2026-06-11T12:55:47.753+07:00  INFO 15548 --- [project] [http-nio-8080-exec-3] o.a.c.c.C.[Tomcat].[localhost].[/]       : Initializing Spring DispatcherServlet 'dispatcherServlet'
2026-06-11T12:55:48.193+07:00  WARN 15548 --- [project] [http-nio-8080-exec-3] .m.m.a.ExceptionHandlerExceptionResolver : Resolved [org.springframework.web.bind.MethodArgumentNotValidException: Validation failed for argument [1] in public org.springframework.http.ResponseEntity<?> org.example.project.controller.AdminController.updateUser(java.lang.Long,org.example.project.model.entity.dto.RegisterRequestDto) with 2 errors: [Field error in object 'registerRequestDto' on field 'username': rejected value []; codes [Size.registerRequestDto.username,Size.username,Size.java.lang.String,Size]; arguments [org.springframework.context.support.DefaultMessageSourceResolvable: codes [registerRequestDto.username,username]; arguments []; default message [username],20,4]; default message [Username phải từ 4 đến 20 ký tự]] [Field error in object 'registerRequestDto' on field 'username': rejected value []; codes [NotBlank.registerRequestDto.username,NotBlank.username,NotBlank.java.lang.String,NotBlank]; arguments [org.springframework.context.support.DefaultMessageSourceResolvable: codes [registerRequestDto.username,username]; arguments []; default message [username]]; default message [Username không được để trống]] ]
2026-06-11T13:00:16.237+07:00  INFO 15548 --- [project] [Thread-1] com.zaxxer.hikari.HikariDataSource       : HikariPool-1 - Shutdown initiated...
2026-06-11T13:00:16.264+07:00  INFO 15548 --- [project] [Thread-1] com.zaxxer.hikari.HikariDataSource       : HikariPool-1 - Shutdown completed.
2026-06-11T13:00:16.471+07:00  INFO 15548 --- [project] [restartedMain] org.example.project.ProjectApplication   : Starting ProjectApplication using Java 21.0.7 with PID 15548 (E:\Web\prj\project\build\classes\java\main started by Trong An in E:\Web\prj\project)
2026-06-11T13:00:16.473+07:00  INFO 15548 --- [project] [restartedMain] org.example.project.ProjectApplication   : No active profile set, falling back to 1 default profile: "default"
2026-06-11T13:00:17.216+07:00  INFO 15548 --- [project] [restartedMain] o.apache.catalina.core.StandardService   : Starting service [Tomcat]
2026-06-11T13:00:17.217+07:00  INFO 15548 --- [project] [restartedMain] o.apache.catalina.core.StandardEngine    : Starting Servlet engine: [Apache Tomcat/11.0.21]
2026-06-11T13:00:17.370+07:00  INFO 15548 --- [project] [restartedMain] org.hibernate.orm.jpa                    : HHH008540: Processing PersistenceUnitInfo [name: default]
2026-06-11T13:00:17.436+07:00  INFO 15548 --- [project] [restartedMain] com.zaxxer.hikari.HikariDataSource       : HikariPool-2 - Starting...
2026-06-11T13:00:17.448+07:00  INFO 15548 --- [project] [restartedMain] com.zaxxer.hikari.pool.HikariPool        : HikariPool-2 - Added connection com.mysql.cj.jdbc.ConnectionImpl@2159bcd
2026-06-11T13:00:17.448+07:00  INFO 15548 --- [project] [restartedMain] com.zaxxer.hikari.HikariDataSource       : HikariPool-2 - Start completed.
2026-06-11T13:00:17.451+07:00  WARN 15548 --- [project] [restartedMain] org.hibernate.orm.deprecation            : HHH90000025: MySQLDialect does not need to be specified explicitly using 'hibernate.dialect' (remove the property setting and it will be selected by default)
2026-06-11T13:00:17.452+07:00  INFO 15548 --- [project] [restartedMain] org.hibernate.orm.connections.pooling    : HHH10001005: Database info:
	Database JDBC URL [jdbc:mysql://localhost:3306/badminton?createDatabaseIfNotExist=true&useSSL=false&allowPublicKeyRetrieval=true&serverTimezone=UTC]
	Database driver: MySQL Connector/J
	Database dialect: MySQLDialect
	Database version: 9.5
	Default catalog/schema: badminton/undefined
	Autocommit mode: undefined/unknown
	Isolation level: REPEATABLE_READ [default REPEATABLE_READ]
	JDBC fetch size: none
	Pool: DataSourceConnectionProvider
	Minimum pool size: undefined/unknown
	Maximum pool size: undefined/unknown
2026-06-11T13:00:17.664+07:00  INFO 15548 --- [project] [restartedMain] org.hibernate.orm.core                   : HHH000489: No JTA platform available (set 'hibernate.transaction.jta.platform' to enable JTA platform integration)
2026-06-11T13:00:18.029+07:00  WARN 15548 --- [project] [restartedMain] JpaBaseConfiguration$JpaWebConfiguration : spring.jpa.open-in-view is enabled by default. Therefore, database queries may be performed during view rendering. Explicitly configure spring.jpa.open-in-view to disable this warning
2026-06-11T13:00:18.623+07:00  INFO 15548 --- [project] [restartedMain] org.example.project.ProjectApplication   : Started ProjectApplication in 2.22 seconds (process running for 283.934)
2026-06-11T13:00:20.005+07:00  INFO 15548 --- [project] [Thread-5] com.zaxxer.hikari.HikariDataSource       : HikariPool-2 - Shutdown initiated...
2026-06-11T13:00:20.008+07:00  INFO 15548 --- [project] [Thread-5] com.zaxxer.hikari.HikariDataSource       : HikariPool-2 - Shutdown completed.
2026-06-11T13:00:20.173+07:00  INFO 15548 --- [project] [restartedMain] org.example.project.ProjectApplication   : Starting ProjectApplication using Java 21.0.7 with PID 15548 (E:\Web\prj\project\build\classes\java\main started by Trong An in E:\Web\prj\project)
2026-06-11T13:00:20.174+07:00  INFO 15548 --- [project] [restartedMain] org.example.project.ProjectApplication   : No active profile set, falling back to 1 default profile: "default"
2026-06-11T13:00:20.986+07:00  INFO 15548 --- [project] [restartedMain] o.apache.catalina.core.StandardService   : Starting service [Tomcat]
2026-06-11T13:00:20.987+07:00  INFO 15548 --- [project] [restartedMain] o.apache.catalina.core.StandardEngine    : Starting Servlet engine: [Apache Tomcat/11.0.21]
2026-06-11T13:00:21.147+07:00  INFO 15548 --- [project] [restartedMain] org.hibernate.orm.jpa                    : HHH008540: Processing PersistenceUnitInfo [name: default]
2026-06-11T13:00:21.202+07:00  INFO 15548 --- [project] [restartedMain] com.zaxxer.hikari.HikariDataSource       : HikariPool-3 - Starting...
2026-06-11T13:00:21.211+07:00  INFO 15548 --- [project] [restartedMain] com.zaxxer.hikari.pool.HikariPool        : HikariPool-3 - Added connection com.mysql.cj.jdbc.ConnectionImpl@301cf4e
2026-06-11T13:00:21.213+07:00  INFO 15548 --- [project] [restartedMain] com.zaxxer.hikari.HikariDataSource       : HikariPool-3 - Start completed.
2026-06-11T13:00:21.215+07:00  WARN 15548 --- [project] [restartedMain] org.hibernate.orm.deprecation            : HHH90000025: MySQLDialect does not need to be specified explicitly using 'hibernate.dialect' (remove the property setting and it will be selected by default)
2026-06-11T13:00:21.216+07:00  INFO 15548 --- [project] [restartedMain] org.hibernate.orm.connections.pooling    : HHH10001005: Database info:
	Database JDBC URL [jdbc:mysql://localhost:3306/badminton?createDatabaseIfNotExist=true&useSSL=false&allowPublicKeyRetrieval=true&serverTimezone=UTC]
	Database driver: MySQL Connector/J
	Database dialect: MySQLDialect
	Database version: 9.5
	Default catalog/schema: badminton/undefined
	Autocommit mode: undefined/unknown
	Isolation level: REPEATABLE_READ [default REPEATABLE_READ]
	JDBC fetch size: none
	Pool: DataSourceConnectionProvider
	Minimum pool size: undefined/unknown
	Maximum pool size: undefined/unknown
2026-06-11T13:00:21.444+07:00  INFO 15548 --- [project] [restartedMain] org.hibernate.orm.core                   : HHH000489: No JTA platform available (set 'hibernate.transaction.jta.platform' to enable JTA platform integration)
2026-06-11T13:00:21.870+07:00  WARN 15548 --- [project] [restartedMain] JpaBaseConfiguration$JpaWebConfiguration : spring.jpa.open-in-view is enabled by default. Therefore, database queries may be performed during view rendering. Explicitly configure spring.jpa.open-in-view to disable this warning
2026-06-11T13:00:22.512+07:00  INFO 15548 --- [project] [restartedMain] org.example.project.ProjectApplication   : Started ProjectApplication in 2.403 seconds (process running for 287.823)
2026-06-11T13:03:54.959+07:00  INFO 15548 --- [project] [Thread-9] com.zaxxer.hikari.HikariDataSource       : HikariPool-3 - Shutdown initiated...
2026-06-11T13:03:54.962+07:00  INFO 15548 --- [project] [Thread-9] com.zaxxer.hikari.HikariDataSource       : HikariPool-3 - Shutdown completed.
2026-06-11T13:03:55.033+07:00  INFO 15548 --- [project] [restartedMain] org.example.project.ProjectApplication   : Starting ProjectApplication using Java 21.0.7 with PID 15548 (E:\Web\prj\project\build\classes\java\main started by Trong An in E:\Web\prj\project)
2026-06-11T13:03:55.033+07:00  INFO 15548 --- [project] [restartedMain] org.example.project.ProjectApplication   : No active profile set, falling back to 1 default profile: "default"
2026-06-11T13:03:55.360+07:00  INFO 15548 --- [project] [restartedMain] o.apache.catalina.core.StandardService   : Starting service [Tomcat]
2026-06-11T13:03:55.361+07:00  INFO 15548 --- [project] [restartedMain] o.apache.catalina.core.StandardEngine    : Starting Servlet engine: [Apache Tomcat/11.0.21]
2026-06-11T13:03:55.441+07:00  INFO 15548 --- [project] [restartedMain] org.hibernate.orm.jpa                    : HHH008540: Processing PersistenceUnitInfo [name: default]
2026-06-11T13:03:55.475+07:00  INFO 15548 --- [project] [restartedMain] com.zaxxer.hikari.HikariDataSource       : HikariPool-4 - Starting...
2026-06-11T13:03:55.481+07:00  INFO 15548 --- [project] [restartedMain] com.zaxxer.hikari.pool.HikariPool        : HikariPool-4 - Added connection com.mysql.cj.jdbc.ConnectionImpl@764df7b7
2026-06-11T13:03:55.481+07:00  INFO 15548 --- [project] [restartedMain] com.zaxxer.hikari.HikariDataSource       : HikariPool-4 - Start completed.
2026-06-11T13:03:55.482+07:00  WARN 15548 --- [project] [restartedMain] org.hibernate.orm.deprecation            : HHH90000025: MySQLDialect does not need to be specified explicitly using 'hibernate.dialect' (remove the property setting and it will be selected by default)
2026-06-11T13:03:55.483+07:00  INFO 15548 --- [project] [restartedMain] org.hibernate.orm.connections.pooling    : HHH10001005: Database info:
	Database JDBC URL [jdbc:mysql://localhost:3306/badminton?createDatabaseIfNotExist=true&useSSL=false&allowPublicKeyRetrieval=true&serverTimezone=UTC]
	Database driver: MySQL Connector/J
	Database dialect: MySQLDialect
	Database version: 9.5
	Default catalog/schema: badminton/undefined
	Autocommit mode: undefined/unknown
	Isolation level: REPEATABLE_READ [default REPEATABLE_READ]
	JDBC fetch size: none
	Pool: DataSourceConnectionProvider
	Minimum pool size: undefined/unknown
	Maximum pool size: undefined/unknown
2026-06-11T13:03:55.590+07:00  INFO 15548 --- [project] [restartedMain] org.hibernate.orm.core                   : HHH000489: No JTA platform available (set 'hibernate.transaction.jta.platform' to enable JTA platform integration)
2026-06-11T13:03:55.817+07:00  WARN 15548 --- [project] [restartedMain] JpaBaseConfiguration$JpaWebConfiguration : spring.jpa.open-in-view is enabled by default. Therefore, database queries may be performed during view rendering. Explicitly configure spring.jpa.open-in-view to disable this warning
2026-06-11T13:03:56.077+07:00  INFO 15548 --- [project] [restartedMain] org.example.project.ProjectApplication   : Started ProjectApplication in 1.067 seconds (process running for 501.388)
2026-06-11T13:03:57.481+07:00  INFO 15548 --- [project] [Thread-13] com.zaxxer.hikari.HikariDataSource       : HikariPool-4 - Shutdown initiated...
2026-06-11T13:03:57.483+07:00  INFO 15548 --- [project] [Thread-13] com.zaxxer.hikari.HikariDataSource       : HikariPool-4 - Shutdown completed.
2026-06-11T13:03:57.541+07:00  INFO 15548 --- [project] [restartedMain] org.example.project.ProjectApplication   : Starting ProjectApplication using Java 21.0.7 with PID 15548 (E:\Web\prj\project\build\classes\java\main started by Trong An in E:\Web\prj\project)
2026-06-11T13:03:57.541+07:00  INFO 15548 --- [project] [restartedMain] org.example.project.ProjectApplication   : No active profile set, falling back to 1 default profile: "default"
2026-06-11T13:03:57.762+07:00  INFO 15548 --- [project] [restartedMain] o.apache.catalina.core.StandardService   : Starting service [Tomcat]
2026-06-11T13:03:57.763+07:00  INFO 15548 --- [project] [restartedMain] o.apache.catalina.core.StandardEngine    : Starting Servlet engine: [Apache Tomcat/11.0.21]
2026-06-11T13:03:57.809+07:00  INFO 15548 --- [project] [restartedMain] org.hibernate.orm.jpa                    : HHH008540: Processing PersistenceUnitInfo [name: default]
2026-06-11T13:03:57.830+07:00  INFO 15548 --- [project] [restartedMain] com.zaxxer.hikari.HikariDataSource       : HikariPool-5 - Starting...
2026-06-11T13:03:57.835+07:00  INFO 15548 --- [project] [restartedMain] com.zaxxer.hikari.pool.HikariPool        : HikariPool-5 - Added connection com.mysql.cj.jdbc.ConnectionImpl@4cac81bd
2026-06-11T13:03:57.835+07:00  INFO 15548 --- [project] [restartedMain] com.zaxxer.hikari.HikariDataSource       : HikariPool-5 - Start completed.
2026-06-11T13:03:57.836+07:00  WARN 15548 --- [project] [restartedMain] org.hibernate.orm.deprecation            : HHH90000025: MySQLDialect does not need to be specified explicitly using 'hibernate.dialect' (remove the property setting and it will be selected by default)
2026-06-11T13:03:57.837+07:00  INFO 15548 --- [project] [restartedMain] org.hibernate.orm.connections.pooling    : HHH10001005: Database info:
	Database JDBC URL [jdbc:mysql://localhost:3306/badminton?createDatabaseIfNotExist=true&useSSL=false&allowPublicKeyRetrieval=true&serverTimezone=UTC]
	Database driver: MySQL Connector/J
	Database dialect: MySQLDialect
	Database version: 9.5
	Default catalog/schema: badminton/undefined
	Autocommit mode: undefined/unknown
	Isolation level: REPEATABLE_READ [default REPEATABLE_READ]
	JDBC fetch size: none
	Pool: DataSourceConnectionProvider
	Minimum pool size: undefined/unknown
	Maximum pool size: undefined/unknown
2026-06-11T13:03:57.918+07:00  INFO 15548 --- [project] [restartedMain] org.hibernate.orm.core                   : HHH000489: No JTA platform available (set 'hibernate.transaction.jta.platform' to enable JTA platform integration)
2026-06-11T13:03:58.072+07:00  WARN 15548 --- [project] [restartedMain] JpaBaseConfiguration$JpaWebConfiguration : spring.jpa.open-in-view is enabled by default. Therefore, database queries may be performed during view rendering. Explicitly configure spring.jpa.open-in-view to disable this warning
2026-06-11T13:03:58.307+07:00  INFO 15548 --- [project] [restartedMain] org.example.project.ProjectApplication   : Started ProjectApplication in 0.781 seconds (process running for 503.619)
2026-06-11T13:07:41.474+07:00  INFO 15548 --- [project] [Thread-17] com.zaxxer.hikari.HikariDataSource       : HikariPool-5 - Shutdown initiated...
2026-06-11T13:07:41.478+07:00  INFO 15548 --- [project] [Thread-17] com.zaxxer.hikari.HikariDataSource       : HikariPool-5 - Shutdown completed.
2026-06-11T13:07:41.574+07:00  INFO 15548 --- [project] [restartedMain] org.example.project.ProjectApplication   : Starting ProjectApplication using Java 21.0.7 with PID 15548 (E:\Web\prj\project\build\classes\java\main started by Trong An in E:\Web\prj\project)
2026-06-11T13:07:41.574+07:00  INFO 15548 --- [project] [restartedMain] org.example.project.ProjectApplication   : No active profile set, falling back to 1 default profile: "default"
2026-06-11T13:07:41.990+07:00  INFO 15548 --- [project] [restartedMain] o.apache.catalina.core.StandardService   : Starting service [Tomcat]
2026-06-11T13:07:41.990+07:00  INFO 15548 --- [project] [restartedMain] o.apache.catalina.core.StandardEngine    : Starting Servlet engine: [Apache Tomcat/11.0.21]
2026-06-11T13:07:42.101+07:00  INFO 15548 --- [project] [restartedMain] org.hibernate.orm.jpa                    : HHH008540: Processing PersistenceUnitInfo [name: default]
2026-06-11T13:07:42.161+07:00  INFO 15548 --- [project] [restartedMain] com.zaxxer.hikari.HikariDataSource       : HikariPool-6 - Starting...
2026-06-11T13:07:42.167+07:00  INFO 15548 --- [project] [restartedMain] com.zaxxer.hikari.pool.HikariPool        : HikariPool-6 - Added connection com.mysql.cj.jdbc.ConnectionImpl@8f53eda
2026-06-11T13:07:42.167+07:00  INFO 15548 --- [project] [restartedMain] com.zaxxer.hikari.HikariDataSource       : HikariPool-6 - Start completed.
2026-06-11T13:07:42.169+07:00  WARN 15548 --- [project] [restartedMain] org.hibernate.orm.deprecation            : HHH90000025: MySQLDialect does not need to be specified explicitly using 'hibernate.dialect' (remove the property setting and it will be selected by default)
2026-06-11T13:07:42.169+07:00  INFO 15548 --- [project] [restartedMain] org.hibernate.orm.connections.pooling    : HHH10001005: Database info:
	Database JDBC URL [jdbc:mysql://localhost:3306/badminton?createDatabaseIfNotExist=true&useSSL=false&allowPublicKeyRetrieval=true&serverTimezone=UTC]
	Database driver: MySQL Connector/J
	Database dialect: MySQLDialect
	Database version: 9.5
	Default catalog/schema: badminton/undefined
	Autocommit mode: undefined/unknown
	Isolation level: REPEATABLE_READ [default REPEATABLE_READ]
	JDBC fetch size: none
	Pool: DataSourceConnectionProvider
	Minimum pool size: undefined/unknown
	Maximum pool size: undefined/unknown
2026-06-11T13:07:42.293+07:00  INFO 15548 --- [project] [restartedMain] org.hibernate.orm.core                   : HHH000489: No JTA platform available (set 'hibernate.transaction.jta.platform' to enable JTA platform integration)
2026-06-11T13:07:42.457+07:00  WARN 15548 --- [project] [restartedMain] ConfigServletWebServerApplicationContext : Exception encountered during context initialization - cancelling refresh attempt: org.springframework.beans.factory.UnsatisfiedDependencyException: Error creating bean with name 'adminController' defined in file [E:\Web\prj\project\build\classes\java\main\org\example\project\controller\AdminController.class]: Unsatisfied dependency expressed through constructor parameter 0: Error creating bean with name 'IUserServiceImpl' defined in file [E:\Web\prj\project\build\classes\java\main\org\example\project\service\impl\IUserServiceImpl.class]: Unsatisfied dependency expressed through constructor parameter 0: No qualifying bean of type 'org.springframework.security.crypto.bcrypt.BCryptPasswordEncoder' available: expected at least 1 bean which qualifies as autowire candidate. Dependency annotations: {}
2026-06-11T13:07:42.458+07:00  INFO 15548 --- [project] [restartedMain] com.zaxxer.hikari.HikariDataSource       : HikariPool-6 - Shutdown initiated...
2026-06-11T13:07:42.468+07:00  INFO 15548 --- [project] [restartedMain] com.zaxxer.hikari.HikariDataSource       : HikariPool-6 - Shutdown completed.
2026-06-11T13:07:42.469+07:00  INFO 15548 --- [project] [restartedMain] o.apache.catalina.core.StandardService   : Stopping service [Tomcat]
2026-06-11T13:07:42.507+07:00 ERROR 15548 --- [project] [restartedMain] o.s.b.d.LoggingFailureAnalysisReporter   : 

***************************
APPLICATION FAILED TO START
***************************

Description:

Parameter 0 of constructor in org.example.project.service.impl.IUserServiceImpl required a bean of type 'org.springframework.security.crypto.bcrypt.BCryptPasswordEncoder' that could not be found.


Action:

Consider defining a bean of type 'org.springframework.security.crypto.bcrypt.BCryptPasswordEncoder' in your configuration.

2026-06-11T13:07:44.009+07:00  INFO 15548 --- [project] [restartedMain] org.example.project.ProjectApplication   : Starting ProjectApplication using Java 21.0.7 with PID 15548 (E:\Web\prj\project\build\classes\java\main started by Trong An in E:\Web\prj\project)
2026-06-11T13:07:44.009+07:00  INFO 15548 --- [project] [restartedMain] org.example.project.ProjectApplication   : No active profile set, falling back to 1 default profile: "default"
2026-06-11T13:07:44.468+07:00  INFO 15548 --- [project] [restartedMain] o.apache.catalina.core.StandardService   : Starting service [Tomcat]
2026-06-11T13:07:44.469+07:00  INFO 15548 --- [project] [restartedMain] o.apache.catalina.core.StandardEngine    : Starting Servlet engine: [Apache Tomcat/11.0.21]
2026-06-11T13:07:44.581+07:00  INFO 15548 --- [project] [restartedMain] org.hibernate.orm.jpa                    : HHH008540: Processing PersistenceUnitInfo [name: default]
2026-06-11T13:07:44.643+07:00  INFO 15548 --- [project] [restartedMain] com.zaxxer.hikari.HikariDataSource       : HikariPool-7 - Starting...
2026-06-11T13:07:44.650+07:00  INFO 15548 --- [project] [restartedMain] com.zaxxer.hikari.pool.HikariPool        : HikariPool-7 - Added connection com.mysql.cj.jdbc.ConnectionImpl@34d52f6b
2026-06-11T13:07:44.651+07:00  INFO 15548 --- [project] [restartedMain] com.zaxxer.hikari.HikariDataSource       : HikariPool-7 - Start completed.
2026-06-11T13:07:44.652+07:00  WARN 15548 --- [project] [restartedMain] org.hibernate.orm.deprecation            : HHH90000025: MySQLDialect does not need to be specified explicitly using 'hibernate.dialect' (remove the property setting and it will be selected by default)
2026-06-11T13:07:44.653+07:00  INFO 15548 --- [project] [restartedMain] org.hibernate.orm.connections.pooling    : HHH10001005: Database info:
	Database JDBC URL [jdbc:mysql://localhost:3306/badminton?createDatabaseIfNotExist=true&useSSL=false&allowPublicKeyRetrieval=true&serverTimezone=UTC]
	Database driver: MySQL Connector/J
	Database dialect: MySQLDialect
	Database version: 9.5
	Default catalog/schema: badminton/undefined
	Autocommit mode: undefined/unknown
	Isolation level: REPEATABLE_READ [default REPEATABLE_READ]
	JDBC fetch size: none
	Pool: DataSourceConnectionProvider
	Minimum pool size: undefined/unknown
	Maximum pool size: undefined/unknown
2026-06-11T13:07:44.962+07:00  INFO 15548 --- [project] [restartedMain] org.hibernate.orm.core                   : HHH000489: No JTA platform available (set 'hibernate.transaction.jta.platform' to enable JTA platform integration)
2026-06-11T13:07:45.329+07:00  WARN 15548 --- [project] [restartedMain] JpaBaseConfiguration$JpaWebConfiguration : spring.jpa.open-in-view is enabled by default. Therefore, database queries may be performed during view rendering. Explicitly configure spring.jpa.open-in-view to disable this warning
2026-06-11T13:07:45.805+07:00  INFO 15548 --- [project] [restartedMain] org.example.project.ProjectApplication   : Started ProjectApplication in 1.847 seconds (process running for 731.116)
2026-06-11T13:08:45.959+07:00  INFO 15548 --- [project] [http-nio-8080-exec-2] o.a.c.c.C.[Tomcat-1].[localhost].[/]     : Initializing Spring DispatcherServlet 'dispatcherServlet'
2026-06-11T13:15:47.888+07:00  INFO 15548 --- [project] [Thread-21] com.zaxxer.hikari.HikariDataSource       : HikariPool-7 - Shutdown initiated...
2026-06-11T13:15:47.892+07:00  INFO 15548 --- [project] [Thread-21] com.zaxxer.hikari.HikariDataSource       : HikariPool-7 - Shutdown completed.
2026-06-11T13:15:48.008+07:00  INFO 15548 --- [project] [restartedMain] org.example.project.ProjectApplication   : Starting ProjectApplication using Java 21.0.7 with PID 15548 (E:\Web\prj\project\build\classes\java\main started by Trong An in E:\Web\prj\project)
2026-06-11T13:15:48.008+07:00  INFO 15548 --- [project] [restartedMain] org.example.project.ProjectApplication   : No active profile set, falling back to 1 default profile: "default"
2026-06-11T13:15:48.485+07:00  INFO 15548 --- [project] [restartedMain] o.apache.catalina.core.StandardService   : Starting service [Tomcat]
2026-06-11T13:15:48.485+07:00  INFO 15548 --- [project] [restartedMain] o.apache.catalina.core.StandardEngine    : Starting Servlet engine: [Apache Tomcat/11.0.21]
2026-06-11T13:15:48.620+07:00  INFO 15548 --- [project] [restartedMain] org.hibernate.orm.jpa                    : HHH008540: Processing PersistenceUnitInfo [name: default]
2026-06-11T13:15:48.678+07:00  INFO 15548 --- [project] [restartedMain] com.zaxxer.hikari.HikariDataSource       : HikariPool-8 - Starting...
2026-06-11T13:15:48.689+07:00  INFO 15548 --- [project] [restartedMain] com.zaxxer.hikari.pool.HikariPool        : HikariPool-8 - Added connection com.mysql.cj.jdbc.ConnectionImpl@7801b32e
2026-06-11T13:15:48.690+07:00  INFO 15548 --- [project] [restartedMain] com.zaxxer.hikari.HikariDataSource       : HikariPool-8 - Start completed.
2026-06-11T13:15:48.692+07:00  WARN 15548 --- [project] [restartedMain] org.hibernate.orm.deprecation            : HHH90000025: MySQLDialect does not need to be specified explicitly using 'hibernate.dialect' (remove the property setting and it will be selected by default)
2026-06-11T13:15:48.693+07:00  INFO 15548 --- [project] [restartedMain] org.hibernate.orm.connections.pooling    : HHH10001005: Database info:
	Database JDBC URL [jdbc:mysql://localhost:3306/badminton?createDatabaseIfNotExist=true&useSSL=false&allowPublicKeyRetrieval=true&serverTimezone=UTC]
	Database driver: MySQL Connector/J
	Database dialect: MySQLDialect
	Database version: 9.5
	Default catalog/schema: badminton/undefined
	Autocommit mode: undefined/unknown
	Isolation level: REPEATABLE_READ [default REPEATABLE_READ]
	JDBC fetch size: none
	Pool: DataSourceConnectionProvider
	Minimum pool size: undefined/unknown
	Maximum pool size: undefined/unknown
2026-06-11T13:15:48.826+07:00  INFO 15548 --- [project] [restartedMain] org.hibernate.orm.core                   : HHH000489: No JTA platform available (set 'hibernate.transaction.jta.platform' to enable JTA platform integration)
2026-06-11T13:15:48.885+07:00  WARN 15548 --- [project] [restartedMain] ConfigServletWebServerApplicationContext : Exception encountered during context initialization - cancelling refresh attempt: org.springframework.beans.factory.UnsatisfiedDependencyException: Error creating bean with name 'adminController' defined in file [E:\Web\prj\project\build\classes\java\main\org\example\project\controller\AdminController.class]: Unsatisfied dependency expressed through constructor parameter 0: Error creating bean with name 'IUserServiceImpl' defined in file [E:\Web\prj\project\build\classes\java\main\org\example\project\service\impl\IUserServiceImpl.class]: Unsatisfied dependency expressed through constructor parameter 0: No qualifying bean of type 'org.springframework.security.crypto.bcrypt.BCryptPasswordEncoder' available: expected at least 1 bean which qualifies as autowire candidate. Dependency annotations: {}
2026-06-11T13:15:48.885+07:00  INFO 15548 --- [project] [restartedMain] com.zaxxer.hikari.HikariDataSource       : HikariPool-8 - Shutdown initiated...
2026-06-11T13:15:48.888+07:00  INFO 15548 --- [project] [restartedMain] com.zaxxer.hikari.HikariDataSource       : HikariPool-8 - Shutdown completed.
2026-06-11T13:15:48.889+07:00  INFO 15548 --- [project] [restartedMain] o.apache.catalina.core.StandardService   : Stopping service [Tomcat]
2026-06-11T13:15:48.902+07:00 ERROR 15548 --- [project] [restartedMain] o.s.b.d.LoggingFailureAnalysisReporter   : 

***************************
APPLICATION FAILED TO START
***************************

Description:

Parameter 0 of constructor in org.example.project.service.impl.IUserServiceImpl required a bean of type 'org.springframework.security.crypto.bcrypt.BCryptPasswordEncoder' that could not be found.


Action:

Consider defining a bean of type 'org.springframework.security.crypto.bcrypt.BCryptPasswordEncoder' in your configuration.

2026-06-11T13:15:50.394+07:00  INFO 15548 --- [project] [restartedMain] org.example.project.ProjectApplication   : Starting ProjectApplication using Java 21.0.7 with PID 15548 (E:\Web\prj\project\build\classes\java\main started by Trong An in E:\Web\prj\project)
2026-06-11T13:15:50.394+07:00  INFO 15548 --- [project] [restartedMain] org.example.project.ProjectApplication   : No active profile set, falling back to 1 default profile: "default"
2026-06-11T13:15:50.956+07:00  INFO 15548 --- [project] [restartedMain] o.apache.catalina.core.StandardService   : Starting service [Tomcat]
2026-06-11T13:15:50.956+07:00  INFO 15548 --- [project] [restartedMain] o.apache.catalina.core.StandardEngine    : Starting Servlet engine: [Apache Tomcat/11.0.21]
2026-06-11T13:15:51.078+07:00  INFO 15548 --- [project] [restartedMain] org.hibernate.orm.jpa                    : HHH008540: Processing PersistenceUnitInfo [name: default]
2026-06-11T13:15:51.140+07:00  INFO 15548 --- [project] [restartedMain] com.zaxxer.hikari.HikariDataSource       : HikariPool-9 - Starting...
2026-06-11T13:15:51.151+07:00  INFO 15548 --- [project] [restartedMain] com.zaxxer.hikari.pool.HikariPool        : HikariPool-9 - Added connection com.mysql.cj.jdbc.ConnectionImpl@5fac7964
2026-06-11T13:15:51.151+07:00  INFO 15548 --- [project] [restartedMain] com.zaxxer.hikari.HikariDataSource       : HikariPool-9 - Start completed.
2026-06-11T13:15:51.153+07:00  WARN 15548 --- [project] [restartedMain] org.hibernate.orm.deprecation            : HHH90000025: MySQLDialect does not need to be specified explicitly using 'hibernate.dialect' (remove the property setting and it will be selected by default)
2026-06-11T13:15:51.154+07:00  INFO 15548 --- [project] [restartedMain] org.hibernate.orm.connections.pooling    : HHH10001005: Database info:
	Database JDBC URL [jdbc:mysql://localhost:3306/badminton?createDatabaseIfNotExist=true&useSSL=false&allowPublicKeyRetrieval=true&serverTimezone=UTC]
	Database driver: MySQL Connector/J
	Database dialect: MySQLDialect
	Database version: 9.5
	Default catalog/schema: badminton/undefined
	Autocommit mode: undefined/unknown
	Isolation level: REPEATABLE_READ [default REPEATABLE_READ]
	JDBC fetch size: none
	Pool: DataSourceConnectionProvider
	Minimum pool size: undefined/unknown
	Maximum pool size: undefined/unknown
2026-06-11T13:15:51.312+07:00  INFO 15548 --- [project] [restartedMain] org.hibernate.orm.core                   : HHH000489: No JTA platform available (set 'hibernate.transaction.jta.platform' to enable JTA platform integration)
2026-06-11T13:15:51.694+07:00  WARN 15548 --- [project] [restartedMain] JpaBaseConfiguration$JpaWebConfiguration : spring.jpa.open-in-view is enabled by default. Therefore, database queries may be performed during view rendering. Explicitly configure spring.jpa.open-in-view to disable this warning
2026-06-11T13:15:52.288+07:00  INFO 15548 --- [project] [restartedMain] org.example.project.ProjectApplication   : Started ProjectApplication in 1.939 seconds (process running for 1217.599)
2026-06-11T13:16:24.450+07:00  INFO 15548 --- [project] [http-nio-8080-exec-2] o.a.c.c.C.[Tomcat-2].[localhost].[/]     : Initializing Spring DispatcherServlet 'dispatcherServlet'
2026-06-11T13:17:14.069+07:00  WARN 15548 --- [project] [http-nio-8080-exec-3] .m.m.a.ExceptionHandlerExceptionResolver : Resolved [org.example.project.exception.ValidAlreadyExistsException: Khung giờ đã có người đặt]
